[INFO] Scanning for projects...
[INFO] ------------------------------------------------------------------------
[INFO] Reactor Build Order:
[INFO] 
[INFO] OpenGrok
[INFO] Java RCS
[INFO] OpenGrok Indexer
[INFO] OpenGrok authorization plugins
[INFO] OpenGrok Web
[INFO]                                                                         
[INFO] ------------------------------------------------------------------------
[INFO] Building OpenGrok 1.1-SNAPSHOT
[INFO] ------------------------------------------------------------------------
[INFO]                                                                         
[INFO] ------------------------------------------------------------------------
[INFO] Building Java RCS 1.1-SNAPSHOT
[INFO] ------------------------------------------------------------------------
[INFO] 
[INFO] --- maven-resources-plugin:2.6:resources (default-resources) @ jrcs ---
[INFO] Using 'UTF-8' encoding to copy filtered resources.
[INFO] skip non existing resourceDirectory /root/workspace/OpenGrok/OpenGrok/315859581/jrcs/src/main/resources
[INFO] 
[INFO] --- maven-compiler-plugin:3.6.1:compile (default-compile) @ jrcs ---
[INFO] Nothing to compile - all classes are up to date
[INFO] 
[INFO] --- maven-resources-plugin:2.6:testResources (default-testResources) @ jrcs ---
[INFO] Using 'UTF-8' encoding to copy filtered resources.
[INFO] skip non existing resourceDirectory /root/workspace/OpenGrok/OpenGrok/315859581/jrcs/src/test/resources
[INFO] 
[INFO] --- maven-compiler-plugin:3.6.1:testCompile (default-testCompile) @ jrcs ---
[INFO] No sources to compile
[INFO] 
[INFO] --- maven-surefire-plugin:2.20:test (default-test) @ jrcs ---
[INFO] No tests to run.
[INFO]                                                                         
[INFO] ------------------------------------------------------------------------
[INFO] Building OpenGrok Indexer 1.1-SNAPSHOT
[INFO] ------------------------------------------------------------------------
[INFO] 
[INFO] --- maven-antrun-plugin:1.8:run (collect-lex-lexh) @ opengrok-indexer ---
[INFO] Executing tasks

main:

-collect-lex-lexh:
[INFO] Executed tasks
[INFO] 
[INFO] --- jflex-maven-plugin:1.6.1:generate (default) @ opengrok-indexer ---
[INFO]   AdaXref.java is up to date.
[INFO]   LispXref.java is up to date.
[INFO]   ScalaXref.java is up to date.
[INFO]   ClojureSymbolTokenizer.java is up to date.
[INFO]   GolangXref.java is up to date.
[INFO]   ErlangXref.java is up to date.
[INFO]   PlainSymbolTokenizer.java is up to date.
[INFO]   JavaXref.java is up to date.
[INFO]   PlainLineTokenizer.java is up to date.
[INFO]   LuaSymbolTokenizer.java is up to date.
[INFO]   ShXref.java is up to date.
[INFO]   JsonXref.java is up to date.
[INFO]   ErlangSymbolTokenizer.java is up to date.
[INFO]   CxxXref.java is up to date.
[INFO]   PlainFullTokenizer.java is up to date.
[INFO]   PhpXref.java is up to date.
[INFO]   HaskellXref.java is up to date.
[INFO]   FortranSymbolTokenizer.java is up to date.
[INFO]   VBSymbolTokenizer.java is up to date.
[INFO]   PhpSymbolTokenizer.java is up to date.
[INFO]   CxxSymbolTokenizer.java is up to date.
[INFO]   MandocXref.java is up to date.
[INFO]   AdaSymbolTokenizer.java is up to date.
[INFO]   LuaXref.java is up to date.
[INFO]   VBXref.java is up to date.
[INFO]   TclSymbolTokenizer.java is up to date.
[INFO]   CXref.java is up to date.
[INFO]   CSharpSymbolTokenizer.java is up to date.
[INFO]   GolangSymbolTokenizer.java is up to date.
[INFO]   CSharpXref.java is up to date.
[INFO]   KotlinXref.java is up to date.
[INFO]   PythonSymbolTokenizer.java is up to date.
[INFO]   XMLXref.java is up to date.
[INFO]   RubyXref.java is up to date.
[INFO]   JavaScriptXref.java is up to date.
[INFO]   SwiftXref.java is up to date.
[INFO]   FortranXref.java is up to date.
[INFO]   HaskellSymbolTokenizer.java is up to date.
[INFO]   PerlSymbolTokenizer.java is up to date.
[INFO]   ShSymbolTokenizer.java is up to date.
[INFO]   SQLXref.java is up to date.
[INFO]   PythonXref.java is up to date.
[INFO]   JavaSymbolTokenizer.java is up to date.
[INFO]   PoshXref.java is up to date.
[INFO]   PlainXref.java is up to date.
[INFO]   PLSQLXref.java is up to date.
[INFO]   RustSymbolTokenizer.java is up to date.
[INFO]   TroffXref.java is up to date.
[INFO]   CSymbolTokenizer.java is up to date.
[INFO]   JavaScriptSymbolTokenizer.java is up to date.
[INFO]   PascalXref.java is up to date.
[INFO]   TroffFullTokenizer.java is up to date.
[INFO]   SwiftSymbolTokenizer.java is up to date.
[INFO]   KotlinSymbolTokenizer.java is up to date.
[INFO]   RustXref.java is up to date.
[INFO]   ScalaSymbolTokenizer.java is up to date.
[INFO]   ClojureXref.java is up to date.
[INFO]   PoshSymbolTokenizer.java is up to date.
[INFO]   PerlXref.java is up to date.
[INFO]   UuencodeFullTokenizer.java is up to date.
[INFO]   TclXref.java is up to date.
[INFO]   LispSymbolTokenizer.java is up to date.
[INFO]   JsonSymbolTokenizer.java is up to date.
[INFO]   PascalSymbolTokenizer.java is up to date.
[INFO]   UuencodeXref.java is up to date.
[INFO]   RubySymbolTokenizer.java is up to date.
[INFO]   HistoryLineTokenizer.java is up to date.
[INFO] 
[INFO] --- replacer:1.5.3:replace (default) @ opengrok-indexer ---
[INFO] Replacement run on 4 files.
[INFO] 
[INFO] --- maven-antrun-plugin:1.8:run (update-build-info) @ opengrok-indexer ---
[INFO] Executing tasks

main:

-check-is-git-repo:

-get-changeset-from-command:

-get-changeset-from-file:

-update-build-info:
[propertyfile] Updating property file: /root/workspace/OpenGrok/OpenGrok/315859581/opengrok-indexer/target/classes/org/opensolaris/opengrok/info.properties
[INFO] Executed tasks
[INFO] 
[INFO] --- maven-resources-plugin:2.6:resources (default-resources) @ opengrok-indexer ---
[INFO] Using 'UTF-8' encoding to copy filtered resources.
[INFO] Copying 6 resources to org/opensolaris/opengrok/analysis/sql/
[INFO] Copying 0 resource to org/opensolaris/opengrok/analysis/vb/
[INFO] Copying 1 resource to org/opensolaris/opengrok/index/
[INFO] Copying 0 resource to org/opensolaris/opengrok/history/
[INFO] 
[INFO] --- maven-compiler-plugin:3.6.1:compile (default-compile) @ opengrok-indexer ---
[INFO] Changes detected - recompiling the module!
[INFO] Compiling 360 source files to /root/workspace/OpenGrok/OpenGrok/315859581/opengrok-indexer/target/classes
[INFO] 
[INFO] --- maven-resources-plugin:2.6:testResources (default-testResources) @ opengrok-indexer ---
[INFO] Using 'UTF-8' encoding to copy filtered resources.
[INFO] Copying 9 resources to org/opensolaris/opengrok/history/
[INFO] Copying 186 resources to org/opensolaris/opengrok/analysis/
[INFO] Copying 3 resources to org/opensolaris/opengrok/analysis/ada/
[INFO] Copying 6 resources to org/opensolaris/opengrok/analysis/clojure/
[INFO] Copying 6 resources to org/opensolaris/opengrok/analysis/csharp/
[INFO] Copying 3 resources to org/opensolaris/opengrok/analysis/document/
[INFO] Copying 6 resources to org/opensolaris/opengrok/analysis/erlang/
[INFO] Copying 6 resources to org/opensolaris/opengrok/analysis/fortran/
[INFO] Copying 6 resources to org/opensolaris/opengrok/analysis/golang/
[INFO] Copying 6 resources to org/opensolaris/opengrok/analysis/lua/
[INFO] Copying 5 resources to org/opensolaris/opengrok/analysis/java/
[INFO] Copying 6 resources to org/opensolaris/opengrok/analysis/javascript/
[INFO] Copying 6 resources to org/opensolaris/opengrok/analysis/json/
[INFO] Copying 5 resources to org/opensolaris/opengrok/analysis/perl/
[INFO] Copying 2 resources to org/opensolaris/opengrok/analysis/php/
[INFO] Copying 6 resources to org/opensolaris/opengrok/analysis/python/
[INFO] Copying 4 resources to org/opensolaris/opengrok/analysis/ruby/
[INFO] Copying 6 resources to org/opensolaris/opengrok/analysis/rust/
[INFO] Copying 6 resources to org/opensolaris/opengrok/analysis/tcl/
[INFO] Copying 8 resources to org/opensolaris/opengrok/analysis/haskell/
[INFO] Copying 5 resources to org/opensolaris/opengrok/analysis/java/
[INFO] Copying 6 resources to org/opensolaris/opengrok/analysis/sh/
[INFO] Copying 6 resources to org/opensolaris/opengrok/analysis/swift/
[INFO] Copying 6 resources to org/opensolaris/opengrok/analysis/vb/
[INFO] 
[INFO] --- maven-compiler-plugin:3.6.1:testCompile (default-testCompile) @ opengrok-indexer ---
[INFO] Nothing to compile - all classes are up to date
[INFO] 
[INFO] --- maven-antrun-plugin:1.8:run (build-config-files) @ opengrok-indexer ---
[INFO] Executing tasks

main:

-post-compile-test:

-create-svn-repository:
   [delete] Deleting directory /root/workspace/OpenGrok/OpenGrok/315859581/opengrok-indexer/target/reposroot/svn
     [exec] Adding         /root/workspace/OpenGrok/OpenGrok/315859581/testdata/sources/archives
     [exec] Adding  (bin)  /root/workspace/OpenGrok/OpenGrok/315859581/testdata/sources/archives/tarfile.tar
     [exec] Adding  (bin)  /root/workspace/OpenGrok/OpenGrok/315859581/testdata/sources/archives/tarfile.tar.bz2
     [exec] Adding  (bin)  /root/workspace/OpenGrok/OpenGrok/315859581/testdata/sources/archives/tarfile.tar.gz
     [exec] Adding         /root/workspace/OpenGrok/OpenGrok/315859581/testdata/sources/bug14924
     [exec] Adding         /root/workspace/OpenGrok/OpenGrok/315859581/testdata/sources/bug14924/FileLogFormatter.java
     [exec] Adding         /root/workspace/OpenGrok/OpenGrok/315859581/testdata/sources/bug16070
     [exec] Adding         /root/workspace/OpenGrok/OpenGrok/315859581/testdata/sources/bug16070/arguments.c
     [exec] Adding         /root/workspace/OpenGrok/OpenGrok/315859581/testdata/sources/bug16465
     [exec] Adding         /root/workspace/OpenGrok/OpenGrok/315859581/testdata/sources/bug16465/bugreport16465@
     [exec] Adding         /root/workspace/OpenGrok/OpenGrok/315859581/testdata/sources/bug19195
     [exec] Adding         /root/workspace/OpenGrok/OpenGrok/315859581/testdata/sources/bug19195/ctags.config
     [exec] Adding         /root/workspace/OpenGrok/OpenGrok/315859581/testdata/sources/bug19195/test.s
     [exec] Adding         /root/workspace/OpenGrok/OpenGrok/315859581/testdata/sources/bug3430
     [exec] Adding  (bin)  /root/workspace/OpenGrok/OpenGrok/315859581/testdata/sources/bug3430/truncated
     [exec] Adding  (bin)  /root/workspace/OpenGrok/OpenGrok/315859581/testdata/sources/bug3430/zzcomlete
     [exec] Adding         /root/workspace/OpenGrok/OpenGrok/315859581/testdata/sources/bug3658
     [exec] Adding         /root/workspace/OpenGrok/OpenGrok/315859581/testdata/sources/bug3658/empty.file
     [exec] Adding         /root/workspace/OpenGrok/OpenGrok/315859581/testdata/sources/bug3658/pic.127.5.0.1.1040
     [exec] Adding         /root/workspace/OpenGrok/OpenGrok/315859581/testdata/sources/c
     [exec] Adding         /root/workspace/OpenGrok/OpenGrok/315859581/testdata/sources/c/Makefile
     [exec] Adding         /root/workspace/OpenGrok/OpenGrok/315859581/testdata/sources/c/bug15890.c
     [exec] Adding         /root/workspace/OpenGrok/OpenGrok/315859581/testdata/sources/c/foobar.c
     [exec] Adding         /root/workspace/OpenGrok/OpenGrok/315859581/testdata/sources/c/header.h
     [exec] Adding         /root/workspace/OpenGrok/OpenGrok/315859581/testdata/sources/c/i386
     [exec] Adding  (bin)  /root/workspace/OpenGrok/OpenGrok/315859581/testdata/sources/c/i386/testsprog
     [exec] Adding         /root/workspace/OpenGrok/OpenGrok/315859581/testdata/sources/c/main.c
     [exec] Adding         /root/workspace/OpenGrok/OpenGrok/315859581/testdata/sources/c/myclass.cc
     [exec] Adding         /root/workspace/OpenGrok/OpenGrok/315859581/testdata/sources/c/sample.c
     [exec] Adding         /root/workspace/OpenGrok/OpenGrok/315859581/testdata/sources/c/sample.cxx
     [exec] Adding         /root/workspace/OpenGrok/OpenGrok/315859581/testdata/sources/c/sparc
     [exec] Adding  (bin)  /root/workspace/OpenGrok/OpenGrok/315859581/testdata/sources/c/sparc/testsprog
     [exec] Adding         /root/workspace/OpenGrok/OpenGrok/315859581/testdata/sources/clojure
     [exec] Adding         /root/workspace/OpenGrok/OpenGrok/315859581/testdata/sources/clojure/sample.clj
     [exec] Adding         /root/workspace/OpenGrok/OpenGrok/315859581/testdata/sources/csharp
     [exec] Adding         /root/workspace/OpenGrok/OpenGrok/315859581/testdata/sources/csharp/Sample.cs
     [exec] Adding         /root/workspace/OpenGrok/OpenGrok/315859581/testdata/sources/data
     [exec] Adding  (bin)  /root/workspace/OpenGrok/OpenGrok/315859581/testdata/sources/data/Logo.png
     [exec] Adding  (bin)  /root/workspace/OpenGrok/OpenGrok/315859581/testdata/sources/data/README.pdf
     [exec] Adding         /root/workspace/OpenGrok/OpenGrok/315859581/testdata/sources/document
     [exec] Adding         /root/workspace/OpenGrok/OpenGrok/315859581/testdata/sources/document/document.html
     [exec] Adding         /root/workspace/OpenGrok/OpenGrok/315859581/testdata/sources/document/document.xml
     [exec] Adding         /root/workspace/OpenGrok/OpenGrok/315859581/testdata/sources/document/foobar.1
     [exec] Adding         /root/workspace/OpenGrok/OpenGrok/315859581/testdata/sources/fortran
     [exec] Adding         /root/workspace/OpenGrok/OpenGrok/315859581/testdata/sources/fortran/hello.f90
     [exec] Adding         /root/workspace/OpenGrok/OpenGrok/315859581/testdata/sources/haskell
     [exec] Adding         /root/workspace/OpenGrok/OpenGrok/315859581/testdata/sources/haskell/bug15890.hs
     [exec] Adding         /root/workspace/OpenGrok/OpenGrok/315859581/testdata/sources/issue10
     [exec] Adding  (bin)  /root/workspace/OpenGrok/OpenGrok/315859581/testdata/sources/issue10/bcel-5.2small.jar
     [exec] Adding         /root/workspace/OpenGrok/OpenGrok/315859581/testdata/sources/java
     [exec] Adding  (bin)  /root/workspace/OpenGrok/OpenGrok/315859581/testdata/sources/java/Main.class
     [exec] Adding         /root/workspace/OpenGrok/OpenGrok/315859581/testdata/sources/java/Main.java
     [exec] Adding         /root/workspace/OpenGrok/OpenGrok/315859581/testdata/sources/java/Sample.java
     [exec] Adding         /root/workspace/OpenGrok/OpenGrok/315859581/testdata/sources/java/bug15890.java
     [exec] Adding  (bin)  /root/workspace/OpenGrok/OpenGrok/315859581/testdata/sources/java/main.jar
     [exec] Adding         /root/workspace/OpenGrok/OpenGrok/315859581/testdata/sources/javascript
     [exec] Adding         /root/workspace/OpenGrok/OpenGrok/315859581/testdata/sources/javascript/function.js
     [exec] Adding         /root/workspace/OpenGrok/OpenGrok/315859581/testdata/sources/javascript/testlong.js
     [exec] Adding         /root/workspace/OpenGrok/OpenGrok/315859581/testdata/sources/json
     [exec] Adding         /root/workspace/OpenGrok/OpenGrok/315859581/testdata/sources/json/example.json
     [exec] Adding         /root/workspace/OpenGrok/OpenGrok/315859581/testdata/sources/kotlin
     [exec] Adding         /root/workspace/OpenGrok/OpenGrok/315859581/testdata/sources/kotlin/helloWorld.kt
     [exec] Adding         /root/workspace/OpenGrok/OpenGrok/315859581/testdata/sources/lisp
     [exec] Adding         /root/workspace/OpenGrok/OpenGrok/315859581/testdata/sources/lisp/bug15890.lisp
     [exec] Adding         /root/workspace/OpenGrok/OpenGrok/315859581/testdata/sources/lisp/test.el
     [exec] Adding         /root/workspace/OpenGrok/OpenGrok/315859581/testdata/sources/pascal
     [exec] Adding         /root/workspace/OpenGrok/OpenGrok/315859581/testdata/sources/pascal/Sample.pas
     [exec] Adding         /root/workspace/OpenGrok/OpenGrok/315859581/testdata/sources/perl
     [exec] Adding         /root/workspace/OpenGrok/OpenGrok/315859581/testdata/sources/perl/main.pl
     [exec] Adding         /root/workspace/OpenGrok/OpenGrok/315859581/testdata/sources/php
     [exec] Adding         /root/workspace/OpenGrok/OpenGrok/315859581/testdata/sources/php/my_php.inc
     [exec] Adding         /root/workspace/OpenGrok/OpenGrok/315859581/testdata/sources/python
     [exec] Adding         /root/workspace/OpenGrok/OpenGrok/315859581/testdata/sources/python/main.py
     [exec] Adding         /root/workspace/OpenGrok/OpenGrok/315859581/testdata/sources/rfe2575
     [exec] Adding         /root/workspace/OpenGrok/OpenGrok/315859581/testdata/sources/rfe2575/SCCS
     [exec] Adding         /root/workspace/OpenGrok/OpenGrok/315859581/testdata/sources/rfe2575/SCCS/s.versioned.txt
     [exec] Adding         /root/workspace/OpenGrok/OpenGrok/315859581/testdata/sources/rfe2575/non-versioned.txt
     [exec] Adding         /root/workspace/OpenGrok/OpenGrok/315859581/testdata/sources/rfe2575/versioned.txt
     [exec] Adding         /root/workspace/OpenGrok/OpenGrok/315859581/testdata/sources/rust
     [exec] Adding         /root/workspace/OpenGrok/OpenGrok/315859581/testdata/sources/rust/main.rs
     [exec] Adding         /root/workspace/OpenGrok/OpenGrok/315859581/testdata/sources/scala
     [exec] Adding         /root/workspace/OpenGrok/OpenGrok/315859581/testdata/sources/scala/computeserver.scala
     [exec] Adding         /root/workspace/OpenGrok/OpenGrok/315859581/testdata/sources/scopes
     [exec] Adding         /root/workspace/OpenGrok/OpenGrok/315859581/testdata/sources/scopes/scopes_eof
     [exec] Adding         /root/workspace/OpenGrok/OpenGrok/315859581/testdata/sources/scopes/scopes_eof/sample.cpp
     [exec] Adding         /root/workspace/OpenGrok/OpenGrok/315859581/testdata/sources/scopes/scopes_eol_win
     [exec] Adding         /root/workspace/OpenGrok/OpenGrok/315859581/testdata/sources/scopes/scopes_eol_win/WeirdEOL.java
     [exec] Adding         /root/workspace/OpenGrok/OpenGrok/315859581/testdata/sources/script
     [exec] Adding         /root/workspace/OpenGrok/OpenGrok/315859581/testdata/sources/script/bazaar.sh
     [exec] Adding         /root/workspace/OpenGrok/OpenGrok/315859581/testdata/sources/script/bug15661.ksh
     [exec] Adding         /root/workspace/OpenGrok/OpenGrok/315859581/testdata/sources/sql
     [exec] Adding         /root/workspace/OpenGrok/OpenGrok/315859581/testdata/sources/sql/bug18586.sql
     [exec] Adding         /root/workspace/OpenGrok/OpenGrok/315859581/testdata/sources/sql/test.sql
     [exec] Adding         /root/workspace/OpenGrok/OpenGrok/315859581/testdata/sources/swift
     [exec] Adding         /root/workspace/OpenGrok/OpenGrok/315859581/testdata/sources/swift/helloWorld.swift
     [exec] Adding         /root/workspace/OpenGrok/OpenGrok/315859581/testdata/sources/tcl
     [exec] Adding         /root/workspace/OpenGrok/OpenGrok/315859581/testdata/sources/tcl/test.tcl
     [exec] 
     [exec] Committed revision 1.
     [exec] A    /root/workspace/OpenGrok/OpenGrok/315859581/testdata/repositories/svn/bug16070
     [exec] A    /root/workspace/OpenGrok/OpenGrok/315859581/testdata/repositories/svn/bug16070/arguments.c
     [exec] A    /root/workspace/OpenGrok/OpenGrok/315859581/testdata/repositories/svn/fortran
     [exec] A    /root/workspace/OpenGrok/OpenGrok/315859581/testdata/repositories/svn/fortran/hello.f90
     [exec] A    /root/workspace/OpenGrok/OpenGrok/315859581/testdata/repositories/svn/python
     [exec] A    /root/workspace/OpenGrok/OpenGrok/315859581/testdata/repositories/svn/python/main.py
     [exec] A    /root/workspace/OpenGrok/OpenGrok/315859581/testdata/repositories/svn/php
     [exec] A    /root/workspace/OpenGrok/OpenGrok/315859581/testdata/repositories/svn/php/my_php.inc
     [exec] A    /root/workspace/OpenGrok/OpenGrok/315859581/testdata/repositories/svn/swift
     [exec] A    /root/workspace/OpenGrok/OpenGrok/315859581/testdata/repositories/svn/swift/helloWorld.swift
     [exec] A    /root/workspace/OpenGrok/OpenGrok/315859581/testdata/repositories/svn/kotlin
     [exec] A    /root/workspace/OpenGrok/OpenGrok/315859581/testdata/repositories/svn/kotlin/helloWorld.kt
     [exec] A    /root/workspace/OpenGrok/OpenGrok/315859581/testdata/repositories/svn/archives
     [exec] A    /root/workspace/OpenGrok/OpenGrok/315859581/testdata/repositories/svn/archives/tarfile.tar.gz
     [exec] A    /root/workspace/OpenGrok/OpenGrok/315859581/testdata/repositories/svn/archives/tarfile.tar
     [exec] A    /root/workspace/OpenGrok/OpenGrok/315859581/testdata/repositories/svn/archives/tarfile.tar.bz2
     [exec] A    /root/workspace/OpenGrok/OpenGrok/315859581/testdata/repositories/svn/javascript
     [exec] A    /root/workspace/OpenGrok/OpenGrok/315859581/testdata/repositories/svn/javascript/function.js
     [exec] A    /root/workspace/OpenGrok/OpenGrok/315859581/testdata/repositories/svn/javascript/testlong.js
     [exec] A    /root/workspace/OpenGrok/OpenGrok/315859581/testdata/repositories/svn/lisp
     [exec] A    /root/workspace/OpenGrok/OpenGrok/315859581/testdata/repositories/svn/lisp/test.el
     [exec] A    /root/workspace/OpenGrok/OpenGrok/315859581/testdata/repositories/svn/lisp/bug15890.lisp
     [exec] A    /root/workspace/OpenGrok/OpenGrok/315859581/testdata/repositories/svn/json
     [exec] A    /root/workspace/OpenGrok/OpenGrok/315859581/testdata/repositories/svn/json/example.json
     [exec] A    /root/workspace/OpenGrok/OpenGrok/315859581/testdata/repositories/svn/data
     [exec] A    /root/workspace/OpenGrok/OpenGrok/315859581/testdata/repositories/svn/data/README.pdf
     [exec] A    /root/workspace/OpenGrok/OpenGrok/315859581/testdata/repositories/svn/data/Logo.png
     [exec] A    /root/workspace/OpenGrok/OpenGrok/315859581/testdata/repositories/svn/document
     [exec] A    /root/workspace/OpenGrok/OpenGrok/315859581/testdata/repositories/svn/document/foobar.1
     [exec] A    /root/workspace/OpenGrok/OpenGrok/315859581/testdata/repositories/svn/document/document.xml
     [exec] A    /root/workspace/OpenGrok/OpenGrok/315859581/testdata/repositories/svn/document/document.html
     [exec] A    /root/workspace/OpenGrok/OpenGrok/315859581/testdata/repositories/svn/csharp
     [exec] A    /root/workspace/OpenGrok/OpenGrok/315859581/testdata/repositories/svn/csharp/Sample.cs
     [exec] A    /root/workspace/OpenGrok/OpenGrok/315859581/testdata/repositories/svn/bug14924
     [exec] A    /root/workspace/OpenGrok/OpenGrok/315859581/testdata/repositories/svn/bug14924/FileLogFormatter.java
     [exec] A    /root/workspace/OpenGrok/OpenGrok/315859581/testdata/repositories/svn/java
     [exec] A    /root/workspace/OpenGrok/OpenGrok/315859581/testdata/repositories/svn/java/main.jar
     [exec] A    /root/workspace/OpenGrok/OpenGrok/315859581/testdata/repositories/svn/java/Sample.java
     [exec] A    /root/workspace/OpenGrok/OpenGrok/315859581/testdata/repositories/svn/java/Main.java
     [exec] A    /root/workspace/OpenGrok/OpenGrok/315859581/testdata/repositories/svn/java/bug15890.java
     [exec] A    /root/workspace/OpenGrok/OpenGrok/315859581/testdata/repositories/svn/java/Main.class
     [exec] A    /root/workspace/OpenGrok/OpenGrok/315859581/testdata/repositories/svn/c
     [exec] A    /root/workspace/OpenGrok/OpenGrok/315859581/testdata/repositories/svn/c/Makefile
     [exec] A    /root/workspace/OpenGrok/OpenGrok/315859581/testdata/repositories/svn/c/header.h
     [exec] A    /root/workspace/OpenGrok/OpenGrok/315859581/testdata/repositories/svn/c/myclass.cc
     [exec] A    /root/workspace/OpenGrok/OpenGrok/315859581/testdata/repositories/svn/c/sample.c
     [exec] A    /root/workspace/OpenGrok/OpenGrok/315859581/testdata/repositories/svn/c/sample.cxx
     [exec] A    /root/workspace/OpenGrok/OpenGrok/315859581/testdata/repositories/svn/c/bug15890.c
     [exec] A    /root/workspace/OpenGrok/OpenGrok/315859581/testdata/repositories/svn/c/main.c
     [exec] A    /root/workspace/OpenGrok/OpenGrok/315859581/testdata/repositories/svn/c/sparc
     [exec] A    /root/workspace/OpenGrok/OpenGrok/315859581/testdata/repositories/svn/c/sparc/testsprog
     [exec] A    /root/workspace/OpenGrok/OpenGrok/315859581/testdata/repositories/svn/c/foobar.c
     [exec] A    /root/workspace/OpenGrok/OpenGrok/315859581/testdata/repositories/svn/c/i386
     [exec] A    /root/workspace/OpenGrok/OpenGrok/315859581/testdata/repositories/svn/c/i386/testsprog
     [exec] A    /root/workspace/OpenGrok/OpenGrok/315859581/testdata/repositories/svn/tcl
     [exec] A    /root/workspace/OpenGrok/OpenGrok/315859581/testdata/repositories/svn/tcl/test.tcl
     [exec] A    /root/workspace/OpenGrok/OpenGrok/315859581/testdata/repositories/svn/haskell
     [exec] A    /root/workspace/OpenGrok/OpenGrok/315859581/testdata/repositories/svn/haskell/bug15890.hs
     [exec] A    /root/workspace/OpenGrok/OpenGrok/315859581/testdata/repositories/svn/scala
     [exec] A    /root/workspace/OpenGrok/OpenGrok/315859581/testdata/repositories/svn/scala/computeserver.scala
     [exec] A    /root/workspace/OpenGrok/OpenGrok/315859581/testdata/repositories/svn/bug16465
     [exec] A    /root/workspace/OpenGrok/OpenGrok/315859581/testdata/repositories/svn/bug16465/bugreport16465@
     [exec] A    /root/workspace/OpenGrok/OpenGrok/315859581/testdata/repositories/svn/bug19195
     [exec] A    /root/workspace/OpenGrok/OpenGrok/315859581/testdata/repositories/svn/bug19195/ctags.config
     [exec] A    /root/workspace/OpenGrok/OpenGrok/315859581/testdata/repositories/svn/bug19195/test.s
     [exec] A    /root/workspace/OpenGrok/OpenGrok/315859581/testdata/repositories/svn/bug3430
     [exec] A    /root/workspace/OpenGrok/OpenGrok/315859581/testdata/repositories/svn/bug3430/truncated
     [exec] A    /root/workspace/OpenGrok/OpenGrok/315859581/testdata/repositories/svn/bug3430/zzcomlete
     [exec] A    /root/workspace/OpenGrok/OpenGrok/315859581/testdata/repositories/svn/issue10
     [exec] A    /root/workspace/OpenGrok/OpenGrok/315859581/testdata/repositories/svn/issue10/bcel-5.2small.jar
     [exec] A    /root/workspace/OpenGrok/OpenGrok/315859581/testdata/repositories/svn/scopes
     [exec] A    /root/workspace/OpenGrok/OpenGrok/315859581/testdata/repositories/svn/scopes/scopes_eol_win
     [exec] A    /root/workspace/OpenGrok/OpenGrok/315859581/testdata/repositories/svn/scopes/scopes_eol_win/WeirdEOL.java
     [exec] A    /root/workspace/OpenGrok/OpenGrok/315859581/testdata/repositories/svn/scopes/scopes_eof
     [exec] A    /root/workspace/OpenGrok/OpenGrok/315859581/testdata/repositories/svn/scopes/scopes_eof/sample.cpp
     [exec] A    /root/workspace/OpenGrok/OpenGrok/315859581/testdata/repositories/svn/rust
     [exec] A    /root/workspace/OpenGrok/OpenGrok/315859581/testdata/repositories/svn/rust/main.rs
     [exec] A    /root/workspace/OpenGrok/OpenGrok/315859581/testdata/repositories/svn/rfe2575
     [exec] A    /root/workspace/OpenGrok/OpenGrok/315859581/testdata/repositories/svn/rfe2575/SCCS
     [exec] A    /root/workspace/OpenGrok/OpenGrok/315859581/testdata/repositories/svn/rfe2575/SCCS/s.versioned.txt
     [exec] A    /root/workspace/OpenGrok/OpenGrok/315859581/testdata/repositories/svn/rfe2575/versioned.txt
     [exec] A    /root/workspace/OpenGrok/OpenGrok/315859581/testdata/repositories/svn/rfe2575/non-versioned.txt
     [exec] A    /root/workspace/OpenGrok/OpenGrok/315859581/testdata/repositories/svn/sql
     [exec] A    /root/workspace/OpenGrok/OpenGrok/315859581/testdata/repositories/svn/sql/test.sql
     [exec] A    /root/workspace/OpenGrok/OpenGrok/315859581/testdata/repositories/svn/sql/bug18586.sql
     [exec] A    /root/workspace/OpenGrok/OpenGrok/315859581/testdata/repositories/svn/perl
     [exec] A    /root/workspace/OpenGrok/OpenGrok/315859581/testdata/repositories/svn/perl/main.pl
     [exec] A    /root/workspace/OpenGrok/OpenGrok/315859581/testdata/repositories/svn/clojure
     [exec] A    /root/workspace/OpenGrok/OpenGrok/315859581/testdata/repositories/svn/clojure/sample.clj
     [exec] A    /root/workspace/OpenGrok/OpenGrok/315859581/testdata/repositories/svn/bug3658
     [exec] A    /root/workspace/OpenGrok/OpenGrok/315859581/testdata/repositories/svn/bug3658/pic.127.5.0.1.1040
     [exec] A    /root/workspace/OpenGrok/OpenGrok/315859581/testdata/repositories/svn/bug3658/empty.file
     [exec] A    /root/workspace/OpenGrok/OpenGrok/315859581/testdata/repositories/svn/pascal
     [exec] A    /root/workspace/OpenGrok/OpenGrok/315859581/testdata/repositories/svn/pascal/Sample.pas
     [exec] A    /root/workspace/OpenGrok/OpenGrok/315859581/testdata/repositories/svn/script
     [exec] A    /root/workspace/OpenGrok/OpenGrok/315859581/testdata/repositories/svn/script/bug15661.ksh
     [exec] A    /root/workspace/OpenGrok/OpenGrok/315859581/testdata/repositories/svn/script/bazaar.sh
     [exec] Checked out revision 1.

-create-razor-repository:
     [copy] Copying 4 files to /root/workspace/OpenGrok/OpenGrok/315859581/testdata/repositories/razor/Razor-Simple
     [copy] Copying 20 files to /root/workspace/OpenGrok/OpenGrok/315859581/testdata/repositories/razor/Razor-Simple/SimpleCProgram/.razor
     [copy] Copying 50 files to /root/workspace/OpenGrok/OpenGrok/315859581/testdata/repositories/git/.git
     [copy] Copying 27 files to /root/workspace/OpenGrok/OpenGrok/315859581/testdata/repositories/mercurial/.hg
     [copy] Copying 1 file to /root/workspace/OpenGrok/OpenGrok/315859581/testdata/repositories/mercurial
     [copy] Copying 11 files to /root/workspace/OpenGrok/OpenGrok/315859581/testdata/repositories/bitkeeper/.bk
     [copy] Copying 20 files to /root/workspace/OpenGrok/OpenGrok/315859581/testdata/repositories/bazaar/.bzr
      [zip] Building zip: /root/workspace/OpenGrok/OpenGrok/315859581/opengrok-indexer/target/test-classes/org/opensolaris/opengrok/history/repositories.zip

-delete-generated-repository-files:
   [delete] Deleting directory /root/workspace/OpenGrok/OpenGrok/315859581/testdata/repositories/bitkeeper/.bk
   [delete] Deleting directory /root/workspace/OpenGrok/OpenGrok/315859581/testdata/repositories/bazaar/.bzr
   [delete] Deleting directory /root/workspace/OpenGrok/OpenGrok/315859581/testdata/repositories/mercurial/.hg
   [delete] Deleting: /root/workspace/OpenGrok/OpenGrok/315859581/testdata/repositories/mercurial/.hgignore
   [delete] Deleting directory /root/workspace/OpenGrok/OpenGrok/315859581/testdata/repositories/git/.git
   [delete] Deleting directory /root/workspace/OpenGrok/OpenGrok/315859581/testdata/repositories/svn
   [delete] Deleting directory /root/workspace/OpenGrok/OpenGrok/315859581/testdata/repositories/razor
   [delete] Deleting: /root/workspace/OpenGrok/OpenGrok/315859581/testdata/repositories/cvs_test/cvsrepo/CVS/Root
[INFO] Executed tasks
[INFO] 
[INFO] --- maven-surefire-plugin:2.20:test (default-test) @ opengrok-indexer ---
[INFO] Downloading: http://repo.maven.apache.org/maven2/org/apache/maven/surefire/surefire-junit4/2.20/surefire-junit4-2.20.pom
[INFO] Downloaded: http://repo.maven.apache.org/maven2/org/apache/maven/surefire/surefire-junit4/2.20/surefire-junit4-2.20.pom (4 KB at 14.4 KB/sec)
[INFO] Downloading: http://repo.maven.apache.org/maven2/org/apache/maven/surefire/surefire-providers/2.20/surefire-providers-2.20.pom
[INFO] Downloaded: http://repo.maven.apache.org/maven2/org/apache/maven/surefire/surefire-providers/2.20/surefire-providers-2.20.pom (3 KB at 76.1 KB/sec)
[INFO] Downloading: http://repo.maven.apache.org/maven2/org/apache/maven/surefire/surefire-junit4/2.20/surefire-junit4-2.20.jar
[INFO] Downloaded: http://repo.maven.apache.org/maven2/org/apache/maven/surefire/surefire-junit4/2.20/surefire-junit4-2.20.jar (81 KB at 820.5 KB/sec)
[INFO] 
[INFO] -------------------------------------------------------
[INFO]  T E S T S
[INFO] -------------------------------------------------------
[INFO] Running org.opensolaris.opengrok.web.DirectoryListingTest
[INFO] Tests run: 1, Failures: 0, Errors: 0, Skipped: 0, Time elapsed: 0.429 s - in org.opensolaris.opengrok.web.DirectoryListingTest
[INFO] Running org.opensolaris.opengrok.web.ScriptsTest
[INFO] Tests run: 5, Failures: 0, Errors: 0, Skipped: 0, Time elapsed: 0.152 s - in org.opensolaris.opengrok.web.ScriptsTest
[INFO] Running org.opensolaris.opengrok.web.ProjectHelperTest
[INFO] Tests run: 20, Failures: 0, Errors: 0, Skipped: 0, Time elapsed: 0.859 s - in org.opensolaris.opengrok.web.ProjectHelperTest
[INFO] Running org.opensolaris.opengrok.web.StatisticsTest
[INFO] Tests run: 9, Failures: 0, Errors: 0, Skipped: 0, Time elapsed: 0.134 s - in org.opensolaris.opengrok.web.StatisticsTest
[INFO] Running org.opensolaris.opengrok.web.SortOrderTest
valueOf
values
[INFO] Tests run: 2, Failures: 0, Errors: 0, Skipped: 0, Time elapsed: 0.145 s - in org.opensolaris.opengrok.web.SortOrderTest
[INFO] Running org.opensolaris.opengrok.web.UtilTest
[INFO] Tests run: 22, Failures: 0, Errors: 0, Skipped: 0, Time elapsed: 0.354 s - in org.opensolaris.opengrok.web.UtilTest
[INFO] Running org.opensolaris.opengrok.web.ProjectHelperExtendedTest
[INFO] Tests run: 10, Failures: 0, Errors: 0, Skipped: 0, Time elapsed: 0.792 s - in org.opensolaris.opengrok.web.ProjectHelperExtendedTest
[INFO] Running org.opensolaris.opengrok.web.EftarFileTest
[INFO] Tests run: 1, Failures: 0, Errors: 0, Skipped: 0, Time elapsed: 0.551 s - in org.opensolaris.opengrok.web.EftarFileTest
[INFO] Running org.opensolaris.opengrok.web.SearchHelperTest
Skipping test. Could not find a ctags I could use in path.
[INFO] Tests run: 3, Failures: 0, Errors: 0, Skipped: 0, Time elapsed: 0.667 s - in org.opensolaris.opengrok.web.SearchHelperTest
[INFO] Running org.opensolaris.opengrok.web.PageConfigTest
/tmp/source9172298199438829878opengrok
[ERROR] Tests run: 14, Failures: 5, Errors: 0, Skipped: 0, Time elapsed: 3.514 s <<< FAILURE! - in org.opensolaris.opengrok.web.PageConfigTest
[ERROR] testCheckSourceRootExistence4(org.opensolaris.opengrok.web.PageConfigTest)  Time elapsed: 0.009 s  <<< FAILURE!
java.lang.AssertionError: This should throw an exception when the file is not readable
	at org.opensolaris.opengrok.web.PageConfigTest.testCheckSourceRootExistence4(PageConfigTest.java:437)

[ERROR] testGetLatestRevisionValid(org.opensolaris.opengrok.web.PageConfigTest)  Time elapsed: 0.002 s  <<< FAILURE!
java.lang.AssertionError: expected:<aa35c258> but was:<null>
	at org.opensolaris.opengrok.web.PageConfigTest.testGetLatestRevisionValid(PageConfigTest.java:257)

[ERROR] testGetAnnotation(org.opensolaris.opengrok.web.PageConfigTest)  Time elapsed: 0.001 s  <<< FAILURE!
java.lang.AssertionError
	at org.opensolaris.opengrok.web.PageConfigTest.testGetAnnotation(PageConfigTest.java:342)

[ERROR] canProcessHistory(org.opensolaris.opengrok.web.PageConfigTest)  Time elapsed: 0.003 s  <<< FAILURE!
java.lang.AssertionError: expected:<> but was:<null>
	at org.opensolaris.opengrok.web.PageConfigTest.assertCanProcess(PageConfigTest.java:479)
	at org.opensolaris.opengrok.web.PageConfigTest.canProcessHistory(PageConfigTest.java:110)

[ERROR] canProcessXref(org.opensolaris.opengrok.web.PageConfigTest)  Time elapsed: 0.001 s  <<< FAILURE!
java.lang.AssertionError: expected:<> but was:<null>
	at org.opensolaris.opengrok.web.PageConfigTest.assertCanProcess(PageConfigTest.java:479)
	at org.opensolaris.opengrok.web.PageConfigTest.canProcessXref(PageConfigTest.java:130)

[INFO] Running org.opensolaris.opengrok.configuration.ConfigMergeTest
[INFO] Tests run: 1, Failures: 0, Errors: 0, Skipped: 0, Time elapsed: 0.318 s - in org.opensolaris.opengrok.configuration.ConfigMergeTest
[INFO] Running org.opensolaris.opengrok.configuration.GroupsTest
[INFO] Tests run: 6, Failures: 0, Errors: 0, Skipped: 0, Time elapsed: 0.558 s - in org.opensolaris.opengrok.configuration.GroupsTest
[INFO] Running org.opensolaris.opengrok.configuration.ConfigurationTest
[INFO] Tests run: 2, Failures: 0, Errors: 0, Skipped: 0, Time elapsed: 0.957 s - in org.opensolaris.opengrok.configuration.ConfigurationTest
[INFO] Running org.opensolaris.opengrok.configuration.messages.ProjectMessageTest
[ERROR] Tests run: 7, Failures: 1, Errors: 0, Skipped: 0, Time elapsed: 10.614 s <<< FAILURE! - in org.opensolaris.opengrok.configuration.messages.ProjectMessageTest
[ERROR] testDelete(org.opensolaris.opengrok.configuration.messages.ProjectMessageTest)  Time elapsed: 0.428 s  <<< FAILURE!
java.lang.AssertionError: No point in running indexer tests without valid ctags
	at org.opensolaris.opengrok.configuration.messages.ProjectMessageTest.testDelete(ProjectMessageTest.java:255)

[INFO] Running org.opensolaris.opengrok.configuration.messages.ExpirationNormalMessageTest
[INFO] Tests run: 4, Failures: 0, Errors: 0, Skipped: 0, Time elapsed: 1.143 s - in org.opensolaris.opengrok.configuration.messages.ExpirationNormalMessageTest
[INFO] Running org.opensolaris.opengrok.configuration.messages.ConfigMessageTest
[INFO] Tests run: 11, Failures: 0, Errors: 0, Skipped: 0, Time elapsed: 1.095 s - in org.opensolaris.opengrok.configuration.messages.ConfigMessageTest
[INFO] Running org.opensolaris.opengrok.configuration.messages.MessagesTest
[INFO] Tests run: 3, Failures: 0, Errors: 0, Skipped: 0, Time elapsed: 0.925 s - in org.opensolaris.opengrok.configuration.messages.MessagesTest
[INFO] Running org.opensolaris.opengrok.configuration.messages.AbortMessageTest
[INFO] Tests run: 8, Failures: 0, Errors: 0, Skipped: 0, Time elapsed: 0.26 s - in org.opensolaris.opengrok.configuration.messages.AbortMessageTest
[INFO] Running org.opensolaris.opengrok.configuration.messages.StatsMessageTest
[INFO] Tests run: 6, Failures: 0, Errors: 0, Skipped: 0, Time elapsed: 0.644 s - in org.opensolaris.opengrok.configuration.messages.StatsMessageTest
[INFO] Running org.opensolaris.opengrok.configuration.messages.NormalMessageTest
[INFO] Tests run: 5, Failures: 0, Errors: 0, Skipped: 0, Time elapsed: 0.273 s - in org.opensolaris.opengrok.configuration.messages.NormalMessageTest
[INFO] Running org.opensolaris.opengrok.configuration.messages.MessageTest
[INFO] Tests run: 1, Failures: 0, Errors: 0, Skipped: 0, Time elapsed: 0.533 s - in org.opensolaris.opengrok.configuration.messages.MessageTest
[INFO] Running org.opensolaris.opengrok.configuration.messages.RefreshMessageTest
[INFO] Tests run: 1, Failures: 0, Errors: 0, Skipped: 0, Time elapsed: 0.209 s - in org.opensolaris.opengrok.configuration.messages.RefreshMessageTest
[INFO] Running org.opensolaris.opengrok.configuration.ProjectTest
[INFO] Tests run: 6, Failures: 0, Errors: 0, Skipped: 0, Time elapsed: 0.752 s - in org.opensolaris.opengrok.configuration.ProjectTest
[INFO] Running org.opensolaris.opengrok.configuration.RuntimeEnvironmentTest
[INFO] Tests run: 50, Failures: 0, Errors: 0, Skipped: 0, Time elapsed: 2.997 s - in org.opensolaris.opengrok.configuration.RuntimeEnvironmentTest
[INFO] Running org.opensolaris.opengrok.configuration.GroupTest
[INFO] Tests run: 5, Failures: 0, Errors: 0, Skipped: 0, Time elapsed: 0.461 s - in org.opensolaris.opengrok.configuration.GroupTest
[INFO] Running org.opensolaris.opengrok.analysis.json.JsonSymbolTokenizerTest
[INFO] Tests run: 1, Failures: 0, Errors: 0, Skipped: 0, Time elapsed: 0.318 s - in org.opensolaris.opengrok.analysis.json.JsonSymbolTokenizerTest
[INFO] Running org.opensolaris.opengrok.analysis.json.JsonXrefTest
[INFO] Tests run: 2, Failures: 0, Errors: 0, Skipped: 0, Time elapsed: 0.447 s - in org.opensolaris.opengrok.analysis.json.JsonXrefTest
[INFO] Running org.opensolaris.opengrok.analysis.CtagsTest
[ERROR] Tests run: 1, Failures: 1, Errors: 0, Skipped: 0, Time elapsed: 0.426 s <<< FAILURE! - in org.opensolaris.opengrok.analysis.CtagsTest
[ERROR] org.opensolaris.opengrok.analysis.CtagsTest  Time elapsed: 0.426 s  <<< FAILURE!
java.lang.AssertionError: No point in running ctags tests without valid ctags
	at org.opensolaris.opengrok.analysis.CtagsTest.setUpClass(CtagsTest.java:67)

[INFO] Running org.opensolaris.opengrok.analysis.AnalyzerGuruTest
[INFO] Tests run: 25, Failures: 0, Errors: 0, Skipped: 0, Time elapsed: 1.089 s - in org.opensolaris.opengrok.analysis.AnalyzerGuruTest
[INFO] Running org.opensolaris.opengrok.analysis.PathTokenizerTest
[INFO] Tests run: 1, Failures: 0, Errors: 0, Skipped: 0, Time elapsed: 0.288 s - in org.opensolaris.opengrok.analysis.PathTokenizerTest
[INFO] Running org.opensolaris.opengrok.analysis.pascal.PascalAnalyzerFactoryTest
[ERROR] Tests run: 1, Failures: 0, Errors: 1, Skipped: 0, Time elapsed: 1.259 s <<< FAILURE! - in org.opensolaris.opengrok.analysis.pascal.PascalAnalyzerFactoryTest
[ERROR] testAnalyzer(org.opensolaris.opengrok.analysis.pascal.PascalAnalyzerFactoryTest)  Time elapsed: 0.575 s  <<< ERROR!
java.io.IOException: Cannot run program "ctags": error=2, No such file or directory
	at org.opensolaris.opengrok.analysis.pascal.PascalAnalyzerFactoryTest.testAnalyzer(PascalAnalyzerFactoryTest.java:114)
Caused by: java.io.IOException: error=2, No such file or directory
	at org.opensolaris.opengrok.analysis.pascal.PascalAnalyzerFactoryTest.testAnalyzer(PascalAnalyzerFactoryTest.java:114)

[INFO] Running org.opensolaris.opengrok.analysis.fortran.FortranUtilsTest
[INFO] Tests run: 4, Failures: 0, Errors: 0, Skipped: 0, Time elapsed: 0.18 s - in org.opensolaris.opengrok.analysis.fortran.FortranUtilsTest
[INFO] Running org.opensolaris.opengrok.analysis.fortran.FortranXrefTest
[INFO] Tests run: 2, Failures: 0, Errors: 0, Skipped: 0, Time elapsed: 0.682 s - in org.opensolaris.opengrok.analysis.fortran.FortranXrefTest
[INFO] Running org.opensolaris.opengrok.analysis.fortran.FortranSymbolTokenizerTest
[INFO] Tests run: 1, Failures: 0, Errors: 0, Skipped: 0, Time elapsed: 0.319 s - in org.opensolaris.opengrok.analysis.fortran.FortranSymbolTokenizerTest
[INFO] Running org.opensolaris.opengrok.analysis.JFlexTokenizerTest
[INFO] Tests run: 3, Failures: 0, Errors: 0, Skipped: 0, Time elapsed: 0.452 s - in org.opensolaris.opengrok.analysis.JFlexTokenizerTest
[INFO] Running org.opensolaris.opengrok.analysis.clojure.ClojureSymbolTokenizerTest
[INFO] Tests run: 1, Failures: 0, Errors: 0, Skipped: 0, Time elapsed: 0.194 s - in org.opensolaris.opengrok.analysis.clojure.ClojureSymbolTokenizerTest
[INFO] Running org.opensolaris.opengrok.analysis.clojure.ClojureAnalyzerFactoryTest
[ERROR] Tests run: 1, Failures: 0, Errors: 1, Skipped: 0, Time elapsed: 1.461 s <<< FAILURE! - in org.opensolaris.opengrok.analysis.clojure.ClojureAnalyzerFactoryTest
[ERROR] testScopeAnalyzer(org.opensolaris.opengrok.analysis.clojure.ClojureAnalyzerFactoryTest)  Time elapsed: 0.752 s  <<< ERROR!
java.io.IOException: Cannot run program "ctags": error=2, No such file or directory
	at org.opensolaris.opengrok.analysis.clojure.ClojureAnalyzerFactoryTest.testScopeAnalyzer(ClojureAnalyzerFactoryTest.java:114)
Caused by: java.io.IOException: error=2, No such file or directory
	at org.opensolaris.opengrok.analysis.clojure.ClojureAnalyzerFactoryTest.testScopeAnalyzer(ClojureAnalyzerFactoryTest.java:114)

[INFO] Running org.opensolaris.opengrok.analysis.clojure.ClojureXrefTest
[INFO] Tests run: 2, Failures: 0, Errors: 0, Skipped: 0, Time elapsed: 0.746 s - in org.opensolaris.opengrok.analysis.clojure.ClojureXrefTest
[INFO] Running org.opensolaris.opengrok.analysis.ada.AdaXrefTest
[INFO] Tests run: 1, Failures: 0, Errors: 0, Skipped: 0, Time elapsed: 0.388 s - in org.opensolaris.opengrok.analysis.ada.AdaXrefTest
[INFO] Running org.opensolaris.opengrok.analysis.ada.AdaSymbolTokenizerTest
[INFO] Tests run: 1, Failures: 0, Errors: 0, Skipped: 0, Time elapsed: 0.318 s - in org.opensolaris.opengrok.analysis.ada.AdaSymbolTokenizerTest
[INFO] Running org.opensolaris.opengrok.analysis.CtagsParserTest
[INFO] Tests run: 1, Failures: 0, Errors: 0, Skipped: 0, Time elapsed: 0.264 s - in org.opensolaris.opengrok.analysis.CtagsParserTest
[INFO] Running org.opensolaris.opengrok.analysis.perl.PerlSymbolTokenizerTest
[INFO] Tests run: 3, Failures: 0, Errors: 0, Skipped: 0, Time elapsed: 0.537 s - in org.opensolaris.opengrok.analysis.perl.PerlSymbolTokenizerTest
[INFO] Running org.opensolaris.opengrok.analysis.perl.PerlXrefTest
[INFO] Tests run: 2, Failures: 0, Errors: 0, Skipped: 0, Time elapsed: 0.569 s - in org.opensolaris.opengrok.analysis.perl.PerlXrefTest
[INFO] Running org.opensolaris.opengrok.analysis.document.TroffAnalyzerTest
[INFO] Tests run: 1, Failures: 0, Errors: 0, Skipped: 0, Time elapsed: 0.699 s - in org.opensolaris.opengrok.analysis.document.TroffAnalyzerTest
[INFO] Running org.opensolaris.opengrok.analysis.document.DocumentMatcherTest
[INFO] Tests run: 3, Failures: 0, Errors: 0, Skipped: 0, Time elapsed: 0.514 s - in org.opensolaris.opengrok.analysis.document.DocumentMatcherTest
[INFO] Running org.opensolaris.opengrok.analysis.ruby.RubyXrefTest
[INFO] Tests run: 2, Failures: 0, Errors: 0, Skipped: 0, Time elapsed: 0.476 s - in org.opensolaris.opengrok.analysis.ruby.RubyXrefTest
[INFO] Running org.opensolaris.opengrok.analysis.ruby.RubySymbolTokenizerTest
[INFO] Tests run: 1, Failures: 0, Errors: 0, Skipped: 0, Time elapsed: 0.322 s - in org.opensolaris.opengrok.analysis.ruby.RubySymbolTokenizerTest
[INFO] Running org.opensolaris.opengrok.analysis.swift.SwiftXrefTest
[INFO] Tests run: 2, Failures: 0, Errors: 0, Skipped: 0, Time elapsed: 0.504 s - in org.opensolaris.opengrok.analysis.swift.SwiftXrefTest
[INFO] Running org.opensolaris.opengrok.analysis.swift.SwiftSymbolTokenizerTest
[INFO] Tests run: 1, Failures: 0, Errors: 0, Skipped: 0, Time elapsed: 0.332 s - in org.opensolaris.opengrok.analysis.swift.SwiftSymbolTokenizerTest
[INFO] Running org.opensolaris.opengrok.analysis.vb.VBSymbolTokenizerTest
[INFO] Tests run: 1, Failures: 0, Errors: 0, Skipped: 0, Time elapsed: 0.383 s - in org.opensolaris.opengrok.analysis.vb.VBSymbolTokenizerTest
[INFO] Running org.opensolaris.opengrok.analysis.vb.VBXrefTest
[INFO] Tests run: 2, Failures: 0, Errors: 0, Skipped: 0, Time elapsed: 0.562 s - in org.opensolaris.opengrok.analysis.vb.VBXrefTest
[INFO] Running org.opensolaris.opengrok.analysis.IteratorReaderTest
[INFO] Tests run: 4, Failures: 0, Errors: 0, Skipped: 0, Time elapsed: 0.136 s - in org.opensolaris.opengrok.analysis.IteratorReaderTest
[INFO] Running org.opensolaris.opengrok.analysis.DefinitionsTest
[INFO] Tests run: 8, Failures: 0, Errors: 0, Skipped: 0, Time elapsed: 0.239 s - in org.opensolaris.opengrok.analysis.DefinitionsTest
[INFO] Running org.opensolaris.opengrok.analysis.tcl.TclSymbolTokenizerTest
[INFO] Tests run: 1, Failures: 0, Errors: 0, Skipped: 0, Time elapsed: 0.282 s - in org.opensolaris.opengrok.analysis.tcl.TclSymbolTokenizerTest
[INFO] Running org.opensolaris.opengrok.analysis.tcl.TclXrefTest
[INFO] Tests run: 2, Failures: 0, Errors: 0, Skipped: 0, Time elapsed: 0.401 s - in org.opensolaris.opengrok.analysis.tcl.TclXrefTest
[INFO] Running org.opensolaris.opengrok.analysis.php.PhpXrefTest
[INFO] Tests run: 3, Failures: 0, Errors: 0, Skipped: 0, Time elapsed: 0.359 s - in org.opensolaris.opengrok.analysis.php.PhpXrefTest
[INFO] Running org.opensolaris.opengrok.analysis.php.PhpSymbolTokenizerTest
[INFO] Tests run: 2, Failures: 0, Errors: 0, Skipped: 0, Time elapsed: 0.265 s - in org.opensolaris.opengrok.analysis.php.PhpSymbolTokenizerTest
[INFO] Running org.opensolaris.opengrok.analysis.rust.RustXrefTest
[INFO] Tests run: 2, Failures: 0, Errors: 0, Skipped: 0, Time elapsed: 0.568 s - in org.opensolaris.opengrok.analysis.rust.RustXrefTest
[INFO] Running org.opensolaris.opengrok.analysis.rust.RustSymbolTokenizerTest
[INFO] Tests run: 1, Failures: 0, Errors: 0, Skipped: 0, Time elapsed: 0.284 s - in org.opensolaris.opengrok.analysis.rust.RustSymbolTokenizerTest
[INFO] Running org.opensolaris.opengrok.analysis.ScopesTest
[INFO] Tests run: 1, Failures: 0, Errors: 0, Skipped: 0, Time elapsed: 0.135 s - in org.opensolaris.opengrok.analysis.ScopesTest
[INFO] Running org.opensolaris.opengrok.analysis.plain.XMLAnalyzerTest
[INFO] Tests run: 3, Failures: 0, Errors: 0, Skipped: 0, Time elapsed: 0.375 s - in org.opensolaris.opengrok.analysis.plain.XMLAnalyzerTest
[INFO] Running org.opensolaris.opengrok.analysis.JFlexXrefTest
[ERROR] Tests run: 18, Failures: 0, Errors: 2, Skipped: 0, Time elapsed: 1.002 s <<< FAILURE! - in org.opensolaris.opengrok.analysis.JFlexXrefTest
[ERROR] bug18586(org.opensolaris.opengrok.analysis.JFlexXrefTest)  Time elapsed: 0.099 s  <<< ERROR!
java.io.IOException: Cannot run program "ctags": error=2, No such file or directory
	at org.opensolaris.opengrok.analysis.JFlexXrefTest.bug18586(JFlexXrefTest.java:361)
Caused by: java.io.IOException: error=2, No such file or directory
	at org.opensolaris.opengrok.analysis.JFlexXrefTest.bug18586(JFlexXrefTest.java:361)

[ERROR] testBug15890Anchor(org.opensolaris.opengrok.analysis.JFlexXrefTest)  Time elapsed: 0.004 s  <<< ERROR!
java.io.IOException: Cannot run program "ctags": error=2, No such file or directory
	at org.opensolaris.opengrok.analysis.JFlexXrefTest.bug15890Anchor(JFlexXrefTest.java:164)
	at org.opensolaris.opengrok.analysis.JFlexXrefTest.testBug15890Anchor(JFlexXrefTest.java:148)
Caused by: java.io.IOException: error=2, No such file or directory
	at org.opensolaris.opengrok.analysis.JFlexXrefTest.bug15890Anchor(JFlexXrefTest.java:164)
	at org.opensolaris.opengrok.analysis.JFlexXrefTest.testBug15890Anchor(JFlexXrefTest.java:148)

[INFO] Running org.opensolaris.opengrok.analysis.lua.LuaSymbolTokenizerTest
[INFO] Tests run: 1, Failures: 0, Errors: 0, Skipped: 0, Time elapsed: 0.232 s - in org.opensolaris.opengrok.analysis.lua.LuaSymbolTokenizerTest
[INFO] Running org.opensolaris.opengrok.analysis.lua.LuaXrefTest
[INFO] Tests run: 2, Failures: 0, Errors: 0, Skipped: 0, Time elapsed: 0.461 s - in org.opensolaris.opengrok.analysis.lua.LuaXrefTest
[INFO] Running org.opensolaris.opengrok.analysis.java.JavaXrefTest
[INFO] Tests run: 2, Failures: 0, Errors: 0, Skipped: 0, Time elapsed: 0.562 s - in org.opensolaris.opengrok.analysis.java.JavaXrefTest
[INFO] Running org.opensolaris.opengrok.analysis.java.JavaAnalyzerFactoryTest
[ERROR] Tests run: 1, Failures: 0, Errors: 1, Skipped: 0, Time elapsed: 1.145 s <<< FAILURE! - in org.opensolaris.opengrok.analysis.java.JavaAnalyzerFactoryTest
[ERROR] testScopeAnalyzer(org.opensolaris.opengrok.analysis.java.JavaAnalyzerFactoryTest)  Time elapsed: 0.528 s  <<< ERROR!
java.io.IOException: Cannot run program "ctags": error=2, No such file or directory
	at org.opensolaris.opengrok.analysis.java.JavaAnalyzerFactoryTest.testScopeAnalyzer(JavaAnalyzerFactoryTest.java:117)
Caused by: java.io.IOException: error=2, No such file or directory
	at org.opensolaris.opengrok.analysis.java.JavaAnalyzerFactoryTest.testScopeAnalyzer(JavaAnalyzerFactoryTest.java:117)

[INFO] Running org.opensolaris.opengrok.analysis.java.JavaSymbolTokenizerTest
[INFO] Tests run: 1, Failures: 0, Errors: 0, Skipped: 0, Time elapsed: 0.45 s - in org.opensolaris.opengrok.analysis.java.JavaSymbolTokenizerTest
[INFO] Running org.opensolaris.opengrok.analysis.golang.GolangXrefTest
[INFO] Tests run: 2, Failures: 0, Errors: 0, Skipped: 0, Time elapsed: 0.641 s - in org.opensolaris.opengrok.analysis.golang.GolangXrefTest
[INFO] Running org.opensolaris.opengrok.analysis.golang.GolangSymbolTokenizerTest
[INFO] Tests run: 1, Failures: 0, Errors: 0, Skipped: 0, Time elapsed: 0.256 s - in org.opensolaris.opengrok.analysis.golang.GolangSymbolTokenizerTest
[INFO] Running org.opensolaris.opengrok.analysis.TextAnalyzerTest
[INFO] Tests run: 5, Failures: 0, Errors: 0, Skipped: 0, Time elapsed: 0.503 s - in org.opensolaris.opengrok.analysis.TextAnalyzerTest
[INFO] Running org.opensolaris.opengrok.analysis.c.CxxSymbolTokenizerTest
[INFO] Tests run: 1, Failures: 0, Errors: 0, Skipped: 0, Time elapsed: 0.682 s - in org.opensolaris.opengrok.analysis.c.CxxSymbolTokenizerTest
[INFO] Running org.opensolaris.opengrok.analysis.c.CSymbolTokenizerTest
[INFO] Tests run: 1, Failures: 0, Errors: 0, Skipped: 0, Time elapsed: 0.369 s - in org.opensolaris.opengrok.analysis.c.CSymbolTokenizerTest
[INFO] Running org.opensolaris.opengrok.analysis.c.CxxXrefTest
[INFO] Tests run: 1, Failures: 0, Errors: 0, Skipped: 0, Time elapsed: 0.933 s - in org.opensolaris.opengrok.analysis.c.CxxXrefTest
[INFO] Running org.opensolaris.opengrok.analysis.c.CXrefTest
[INFO] Tests run: 1, Failures: 0, Errors: 0, Skipped: 0, Time elapsed: 0.743 s - in org.opensolaris.opengrok.analysis.c.CXrefTest
[INFO] Running org.opensolaris.opengrok.analysis.c.CxxAnalyzerFactoryTest
/tmp/source7381618488398660413opengrok/c/sample.cxx
[ERROR] Tests run: 1, Failures: 0, Errors: 1, Skipped: 0, Time elapsed: 1.028 s <<< FAILURE! - in org.opensolaris.opengrok.analysis.c.CxxAnalyzerFactoryTest
[ERROR] testScopeAnalyzer(org.opensolaris.opengrok.analysis.c.CxxAnalyzerFactoryTest)  Time elapsed: 0.522 s  <<< ERROR!
java.io.IOException: Cannot run program "ctags": error=2, No such file or directory
	at org.opensolaris.opengrok.analysis.c.CxxAnalyzerFactoryTest.testScopeAnalyzer(CxxAnalyzerFactoryTest.java:117)
Caused by: java.io.IOException: error=2, No such file or directory
	at org.opensolaris.opengrok.analysis.c.CxxAnalyzerFactoryTest.testScopeAnalyzer(CxxAnalyzerFactoryTest.java:117)

[INFO] Running org.opensolaris.opengrok.analysis.c.CAnalyzerFactoryTest
[ERROR] Tests run: 1, Failures: 0, Errors: 1, Skipped: 0, Time elapsed: 1.224 s <<< FAILURE! - in org.opensolaris.opengrok.analysis.c.CAnalyzerFactoryTest
[ERROR] testScopeAnalyzer(org.opensolaris.opengrok.analysis.c.CAnalyzerFactoryTest)  Time elapsed: 0.598 s  <<< ERROR!
java.io.IOException: Cannot run program "ctags": error=2, No such file or directory
	at org.opensolaris.opengrok.analysis.c.CAnalyzerFactoryTest.testScopeAnalyzer(CAnalyzerFactoryTest.java:117)
Caused by: java.io.IOException: error=2, No such file or directory
	at org.opensolaris.opengrok.analysis.c.CAnalyzerFactoryTest.testScopeAnalyzer(CAnalyzerFactoryTest.java:117)

[INFO] Running org.opensolaris.opengrok.analysis.kotlin.KotlinSymbolTokenizerTest
[INFO] Tests run: 1, Failures: 0, Errors: 0, Skipped: 0, Time elapsed: 0.509 s - in org.opensolaris.opengrok.analysis.kotlin.KotlinSymbolTokenizerTest
[INFO] Running org.opensolaris.opengrok.analysis.kotlin.KotlinXrefTest
[INFO] Tests run: 2, Failures: 0, Errors: 0, Skipped: 0, Time elapsed: 0.712 s - in org.opensolaris.opengrok.analysis.kotlin.KotlinXrefTest
[INFO] Running org.opensolaris.opengrok.analysis.csharp.CSharpSymbolTokenizerTest
[INFO] Tests run: 1, Failures: 0, Errors: 0, Skipped: 0, Time elapsed: 0.379 s - in org.opensolaris.opengrok.analysis.csharp.CSharpSymbolTokenizerTest
[INFO] Running org.opensolaris.opengrok.analysis.csharp.CSharpXrefTest
[INFO] Tests run: 2, Failures: 0, Errors: 0, Skipped: 0, Time elapsed: 0.54 s - in org.opensolaris.opengrok.analysis.csharp.CSharpXrefTest
[INFO] Running org.opensolaris.opengrok.analysis.csharp.CSharpAnalyzerFactoryTest
[ERROR] Tests run: 1, Failures: 0, Errors: 1, Skipped: 0, Time elapsed: 1.311 s <<< FAILURE! - in org.opensolaris.opengrok.analysis.csharp.CSharpAnalyzerFactoryTest
[ERROR] testScopeAnalyzer(org.opensolaris.opengrok.analysis.csharp.CSharpAnalyzerFactoryTest)  Time elapsed: 0.687 s  <<< ERROR!
java.io.IOException: Cannot run program "ctags": error=2, No such file or directory
	at org.opensolaris.opengrok.analysis.csharp.CSharpAnalyzerFactoryTest.testScopeAnalyzer(CSharpAnalyzerFactoryTest.java:110)
Caused by: java.io.IOException: error=2, No such file or directory
	at org.opensolaris.opengrok.analysis.csharp.CSharpAnalyzerFactoryTest.testScopeAnalyzer(CSharpAnalyzerFactoryTest.java:110)

[INFO] Running org.opensolaris.opengrok.analysis.javascript.JavaScriptXrefTest
[INFO] Tests run: 2, Failures: 0, Errors: 0, Skipped: 0, Time elapsed: 0.664 s - in org.opensolaris.opengrok.analysis.javascript.JavaScriptXrefTest
[INFO] Running org.opensolaris.opengrok.analysis.javascript.JavaScriptSymbolTokenizerTest
[INFO] Tests run: 1, Failures: 0, Errors: 0, Skipped: 0, Time elapsed: 0.345 s - in org.opensolaris.opengrok.analysis.javascript.JavaScriptSymbolTokenizerTest
[INFO] Running org.opensolaris.opengrok.analysis.ExpandTabsReaderTest
[INFO] Tests run: 2, Failures: 0, Errors: 0, Skipped: 0, Time elapsed: 0.156 s - in org.opensolaris.opengrok.analysis.ExpandTabsReaderTest
[INFO] Running org.opensolaris.opengrok.analysis.python.PythonSymbolTokenizerTest
[INFO] Tests run: 1, Failures: 0, Errors: 0, Skipped: 0, Time elapsed: 0.412 s - in org.opensolaris.opengrok.analysis.python.PythonSymbolTokenizerTest
[INFO] Running org.opensolaris.opengrok.analysis.python.PythonUtilsTest
[INFO] Tests run: 5, Failures: 0, Errors: 0, Skipped: 0, Time elapsed: 0.245 s - in org.opensolaris.opengrok.analysis.python.PythonUtilsTest
[INFO] Running org.opensolaris.opengrok.analysis.python.PythonXrefTest
[INFO] Tests run: 2, Failures: 0, Errors: 0, Skipped: 0, Time elapsed: 0.684 s - in org.opensolaris.opengrok.analysis.python.PythonXrefTest
[INFO] Running org.opensolaris.opengrok.analysis.haskell.HaskellXrefTest
[INFO] Tests run: 4, Failures: 0, Errors: 0, Skipped: 0, Time elapsed: 0.812 s - in org.opensolaris.opengrok.analysis.haskell.HaskellXrefTest
[INFO] Running org.opensolaris.opengrok.analysis.haskell.HaskellSymbolTokenizerTest
[INFO] Tests run: 2, Failures: 0, Errors: 0, Skipped: 0, Time elapsed: 0.36 s - in org.opensolaris.opengrok.analysis.haskell.HaskellSymbolTokenizerTest
[INFO] Running org.opensolaris.opengrok.analysis.LuceneCompatibilityTest
[INFO] Tests run: 0, Failures: 0, Errors: 0, Skipped: 0, Time elapsed: 0.072 s - in org.opensolaris.opengrok.analysis.LuceneCompatibilityTest
[INFO] Running org.opensolaris.opengrok.analysis.erlang.ErlangSymbolTokenizerTest
[INFO] Tests run: 1, Failures: 0, Errors: 0, Skipped: 0, Time elapsed: 0.247 s - in org.opensolaris.opengrok.analysis.erlang.ErlangSymbolTokenizerTest
[INFO] Running org.opensolaris.opengrok.analysis.erlang.ErlangXrefTest
[INFO] Tests run: 2, Failures: 0, Errors: 0, Skipped: 0, Time elapsed: 0.624 s - in org.opensolaris.opengrok.analysis.erlang.ErlangXrefTest
[INFO] Running org.opensolaris.opengrok.analysis.sh.ShSymbolTokenizerTest
[INFO] Tests run: 1, Failures: 0, Errors: 0, Skipped: 0, Time elapsed: 0.455 s - in org.opensolaris.opengrok.analysis.sh.ShSymbolTokenizerTest
[INFO] Running org.opensolaris.opengrok.analysis.sh.ShXrefTest
[INFO] Tests run: 2, Failures: 0, Errors: 0, Skipped: 0, Time elapsed: 0.693 s - in org.opensolaris.opengrok.analysis.sh.ShXrefTest
[INFO] Running org.opensolaris.opengrok.authorization.AuthorizationFrameworkTest
[ERROR] Tests run: 37, Failures: 25, Errors: 0, Skipped: 0, Time elapsed: 1.808 s <<< FAILURE! - in org.opensolaris.opengrok.authorization.AuthorizationFrameworkTest
[ERROR] testPluginsGeneric[4](org.opensolaris.opengrok.authorization.AuthorizationFrameworkTest)  Time elapsed: 0.054 s  <<< FAILURE!
java.lang.AssertionError: 
REQUIRED[not_allowed prefix, allowed prefix] -> {
expected <true> for entity not_allowed_project0.47162052464403414,
expected <true> for entity not_allowed_group_-1652169083,
expected <false> for entity allowed_project0.6581055985414138,
expected <false> for entity allowed_group_-101550141
} <false> was <true> for entity allowed_project0.6581055985414138 expected:<false> but was:<true>
	at org.opensolaris.opengrok.authorization.AuthorizationFrameworkTest.testPluginsGeneric(AuthorizationFrameworkTest.java:668)

[ERROR] testPluginsGeneric[5](org.opensolaris.opengrok.authorization.AuthorizationFrameworkTest)  Time elapsed: 0.013 s  <<< FAILURE!
java.lang.AssertionError: 
REQUIRED[allowed prefix, allowed prefix] -> {
expected <false> for entity not_allowed_project0.02857134538280104,
expected <false> for entity not_allowed_group_1576828915,
expected <true> for entity allowed_project0.5178607968023955,
expected <true> for entity allowed_group_1105856916
} <false> was <true> for entity not_allowed_project0.02857134538280104 expected:<false> but was:<true>
	at org.opensolaris.opengrok.authorization.AuthorizationFrameworkTest.testPluginsGeneric(AuthorizationFrameworkTest.java:668)

[ERROR] testPluginsGeneric[6](org.opensolaris.opengrok.authorization.AuthorizationFrameworkTest)  Time elapsed: 0.035 s  <<< FAILURE!
java.lang.AssertionError: 
REQUIRED[allowed prefix, allowed prefix] -> {
expected <false> for entity not_allowed_project0.5376435779466041,
expected <false> for entity not_allowed_group_1295096958,
expected <true> for entity allowed_project0.6387699343295316,
expected <true> for entity allowed_group_-1657785694
} <false> was <true> for entity not_allowed_project0.5376435779466041 expected:<false> but was:<true>
	at org.opensolaris.opengrok.authorization.AuthorizationFrameworkTest.testPluginsGeneric(AuthorizationFrameworkTest.java:668)

[ERROR] testPluginsGeneric[7](org.opensolaris.opengrok.authorization.AuthorizationFrameworkTest)  Time elapsed: 0.015 s  <<< FAILURE!
java.lang.AssertionError: 
REQUIRED[allowed prefix, not_allowed prefix] -> {
expected <false> for entity not_allowed_project0.4922667893682695,
expected <false> for entity not_allowed_group_1874097015,
expected <true> for entity allowed_project0.38106706170182747,
expected <true> for entity allowed_group_1967684101
} <false> was <true> for entity not_allowed_project0.4922667893682695 expected:<false> but was:<true>
	at org.opensolaris.opengrok.authorization.AuthorizationFrameworkTest.testPluginsGeneric(AuthorizationFrameworkTest.java:668)

[ERROR] testPluginsGeneric[8](org.opensolaris.opengrok.authorization.AuthorizationFrameworkTest)  Time elapsed: 0.015 s  <<< FAILURE!
java.lang.AssertionError: 
REQUIRED[allowed prefix, not_allowed prefix] -> {
expected <false> for entity not_allowed_project0.15268157318563103,
expected <false> for entity not_allowed_group_-589595047,
expected <false> for entity allowed_project0.8120072226521491,
expected <false> for entity allowed_group_471478482
} <false> was <true> for entity not_allowed_project0.15268157318563103 expected:<false> but was:<true>
	at org.opensolaris.opengrok.authorization.AuthorizationFrameworkTest.testPluginsGeneric(AuthorizationFrameworkTest.java:668)

[ERROR] testPluginsGeneric[9](org.opensolaris.opengrok.authorization.AuthorizationFrameworkTest)  Time elapsed: 0.007 s  <<< FAILURE!
java.lang.AssertionError: 
REQUIRED[not_allowed prefix, allowed prefix] -> {
expected <false> for entity not_allowed_project0.7699276465932349,
expected <false> for entity not_allowed_group_-1299405386,
expected <false> for entity allowed_project0.280662155341996,
expected <false> for entity allowed_group_73912532
} <false> was <true> for entity not_allowed_project0.7699276465932349 expected:<false> but was:<true>
	at org.opensolaris.opengrok.authorization.AuthorizationFrameworkTest.testPluginsGeneric(AuthorizationFrameworkTest.java:668)

[ERROR] testPluginsGeneric[10](org.opensolaris.opengrok.authorization.AuthorizationFrameworkTest)  Time elapsed: 0.018 s  <<< FAILURE!
java.lang.AssertionError: 
REQUIRED[load failing, allowed prefix] -> {
expected <false> for entity not_allowed_project0.29691029707215266,
expected <false> for entity not_allowed_group_-1998280489,
expected <true> for entity allowed_project0.9001991348134294,
expected <true> for entity allowed_group_122956737
} <false> was <true> for entity not_allowed_project0.29691029707215266 expected:<false> but was:<true>
	at org.opensolaris.opengrok.authorization.AuthorizationFrameworkTest.testPluginsGeneric(AuthorizationFrameworkTest.java:668)

[ERROR] testPluginsGeneric[12](org.opensolaris.opengrok.authorization.AuthorizationFrameworkTest)  Time elapsed: 0.023 s  <<< FAILURE!
java.lang.AssertionError: 
REQUIRED[load failing, allowed prefix] -> {
expected <false> for entity not_allowed_project0.8548952636377826,
expected <false> for entity not_allowed_group_2071249300,
expected <false> for entity allowed_project0.25205916732131073,
expected <false> for entity allowed_group_1506037978
} <false> was <true> for entity not_allowed_project0.8548952636377826 expected:<false> but was:<true>
	at org.opensolaris.opengrok.authorization.AuthorizationFrameworkTest.testPluginsGeneric(AuthorizationFrameworkTest.java:668)

[ERROR] testPluginsGeneric[13](org.opensolaris.opengrok.authorization.AuthorizationFrameworkTest)  Time elapsed: 0.008 s  <<< FAILURE!
java.lang.AssertionError: 
REQUIRED[load failing, load failing] -> {
expected <false> for entity not_allowed_project0.9527681729084632,
expected <false> for entity not_allowed_group_2049705159,
expected <false> for entity allowed_project0.12209669677104351,
expected <false> for entity allowed_group_-1811552156
} <false> was <true> for entity not_allowed_project0.9527681729084632 expected:<false> but was:<true>
	at org.opensolaris.opengrok.authorization.AuthorizationFrameworkTest.testPluginsGeneric(AuthorizationFrameworkTest.java:668)

[ERROR] testPluginsGeneric[14](org.opensolaris.opengrok.authorization.AuthorizationFrameworkTest)  Time elapsed: 0.04 s  <<< FAILURE!
java.lang.AssertionError: 
REQUIRED[load failing, load failing] -> {
expected <false> for entity not_allowed_project0.8222500594406543,
expected <false> for entity not_allowed_group_-1748884645,
expected <false> for entity allowed_project0.7747503848019864,
expected <false> for entity allowed_group_-1819174578
} <false> was <true> for entity not_allowed_project0.8222500594406543 expected:<false> but was:<true>
	at org.opensolaris.opengrok.authorization.AuthorizationFrameworkTest.testPluginsGeneric(AuthorizationFrameworkTest.java:668)

[ERROR] testPluginsGeneric[15](org.opensolaris.opengrok.authorization.AuthorizationFrameworkTest)  Time elapsed: 0.016 s  <<< FAILURE!
java.lang.AssertionError: 
REQUIRED[test failing, allowed prefix] -> {
expected <false> for entity not_allowed_project0.44804823986867937,
expected <false> for entity not_allowed_group_-1716760255,
expected <true> for entity allowed_project0.42207101098434396,
expected <true> for entity allowed_group_-1576622984
} <false> was <true> for entity not_allowed_project0.44804823986867937 expected:<false> but was:<true>
	at org.opensolaris.opengrok.authorization.AuthorizationFrameworkTest.testPluginsGeneric(AuthorizationFrameworkTest.java:668)

[ERROR] testPluginsGeneric[17](org.opensolaris.opengrok.authorization.AuthorizationFrameworkTest)  Time elapsed: 0.01 s  <<< FAILURE!
java.lang.AssertionError: 
REQUIRED[test failing, allowed prefix] -> {
expected <false> for entity not_allowed_project0.6005003741138353,
expected <false> for entity not_allowed_group_2141617133,
expected <false> for entity allowed_project0.760396660942778,
expected <false> for entity allowed_group_831790743
} <false> was <true> for entity not_allowed_project0.6005003741138353 expected:<false> but was:<true>
	at org.opensolaris.opengrok.authorization.AuthorizationFrameworkTest.testPluginsGeneric(AuthorizationFrameworkTest.java:668)

[ERROR] testPluginsGeneric[18](org.opensolaris.opengrok.authorization.AuthorizationFrameworkTest)  Time elapsed: 0.004 s  <<< FAILURE!
java.lang.AssertionError: 
REQUIRED[test failing, test failing] -> {
expected <false> for entity not_allowed_project0.3798554453028593,
expected <false> for entity not_allowed_group_-786944573,
expected <false> for entity allowed_project0.026384687860517286,
expected <false> for entity allowed_group_310333497
} <false> was <true> for entity not_allowed_project0.3798554453028593 expected:<false> but was:<true>
	at org.opensolaris.opengrok.authorization.AuthorizationFrameworkTest.testPluginsGeneric(AuthorizationFrameworkTest.java:668)

[ERROR] testPluginsGeneric[19](org.opensolaris.opengrok.authorization.AuthorizationFrameworkTest)  Time elapsed: 0.01 s  <<< FAILURE!
java.lang.AssertionError: 
REQUIRED[test failing, test failing] -> {
expected <false> for entity not_allowed_project0.021504997770041223,
expected <false> for entity not_allowed_group_-408458461,
expected <false> for entity allowed_project0.7961459967382656,
expected <false> for entity allowed_group_1500680849
} <false> was <true> for entity not_allowed_project0.021504997770041223 expected:<false> but was:<true>
	at org.opensolaris.opengrok.authorization.AuthorizationFrameworkTest.testPluginsGeneric(AuthorizationFrameworkTest.java:668)

[ERROR] testPluginsGeneric[20](org.opensolaris.opengrok.authorization.AuthorizationFrameworkTest)  Time elapsed: 0.061 s  <<< FAILURE!
java.lang.AssertionError: 
REQUIRED[SUFFICIENT[allowed prefix], REQUIRED[allowed prefix]] -> {
expected <false> for entity not_allowed_project0.5357076468166319,
expected <false> for entity not_allowed_group_-2107634099,
expected <true> for entity allowed_project0.04107465512513209,
expected <true> for entity allowed_group_1319873866
} <false> was <true> for entity not_allowed_project0.5357076468166319 expected:<false> but was:<true>
	at org.opensolaris.opengrok.authorization.AuthorizationFrameworkTest.testPluginsGeneric(AuthorizationFrameworkTest.java:668)

[ERROR] testPluginsGeneric[22](org.opensolaris.opengrok.authorization.AuthorizationFrameworkTest)  Time elapsed: 0.03 s  <<< FAILURE!
java.lang.AssertionError: 
REQUIRED[REQUIRED[allowed prefix], REQUIRED[not_allowed prefix]] -> {
expected <false> for entity not_allowed_project0.4825612222026556,
expected <false> for entity not_allowed_group_-388739814,
expected <false> for entity allowed_project0.5644008359650432,
expected <false> for entity allowed_group_1631512629
} <false> was <true> for entity not_allowed_project0.4825612222026556 expected:<false> but was:<true>
	at org.opensolaris.opengrok.authorization.AuthorizationFrameworkTest.testPluginsGeneric(AuthorizationFrameworkTest.java:668)

[ERROR] testPluginsGeneric[26](org.opensolaris.opengrok.authorization.AuthorizationFrameworkTest)  Time elapsed: 0.02 s  <<< FAILURE!
java.lang.AssertionError: 
REQUIRED[REQUISITE[allowed prefix], SUFFICIENT[allowed prefix], REQUIRED[not_allowed prefix]] -> {
expected <false> for entity not_allowed_project0.7253098509990735,
expected <false> for entity not_allowed_group_155516992,
expected <true> for entity allowed_project0.9588096253096043,
expected <true> for entity allowed_group_203477048
} <false> was <true> for entity not_allowed_project0.7253098509990735 expected:<false> but was:<true>
	at org.opensolaris.opengrok.authorization.AuthorizationFrameworkTest.testPluginsGeneric(AuthorizationFrameworkTest.java:668)

[ERROR] testPluginsGeneric[27](org.opensolaris.opengrok.authorization.AuthorizationFrameworkTest)  Time elapsed: 0.02 s  <<< FAILURE!
java.lang.AssertionError: 
REQUIRED[SUFFICIENT[load failing], REQUIRED[allowed prefix]] -> {
expected <false> for entity not_allowed_project0.39795496959423426,
expected <false> for entity not_allowed_group_1011207545,
expected <true> for entity allowed_project0.11437108743005464,
expected <true> for entity allowed_group_308191130
} <false> was <true> for entity not_allowed_project0.39795496959423426 expected:<false> but was:<true>
	at org.opensolaris.opengrok.authorization.AuthorizationFrameworkTest.testPluginsGeneric(AuthorizationFrameworkTest.java:668)

[ERROR] testPluginsGeneric[28](org.opensolaris.opengrok.authorization.AuthorizationFrameworkTest)  Time elapsed: 0.015 s  <<< FAILURE!
java.lang.AssertionError: 
REQUIRED[REQUIRED[load failing], SUFFICIENT[allowed prefix]] -> {
expected <false> for entity not_allowed_project0.7098022257435807,
expected <false> for entity not_allowed_group_1648859275,
expected <false> for entity allowed_project0.32100682622186383,
expected <false> for entity allowed_group_796321838
} <false> was <true> for entity not_allowed_project0.7098022257435807 expected:<false> but was:<true>
	at org.opensolaris.opengrok.authorization.AuthorizationFrameworkTest.testPluginsGeneric(AuthorizationFrameworkTest.java:668)

[ERROR] testPluginsGeneric[29](org.opensolaris.opengrok.authorization.AuthorizationFrameworkTest)  Time elapsed: 0.029 s  <<< FAILURE!
java.lang.AssertionError: 
REQUIRED[REQUIRED[load failing], REQUIRED[allowed prefix]] -> {
expected <false> for entity not_allowed_project0.7168400450126403,
expected <false> for entity not_allowed_group_945582506,
expected <true> for entity allowed_project0.7952035222995278,
expected <true> for entity allowed_group_1135194446
} <false> was <true> for entity not_allowed_project0.7168400450126403 expected:<false> but was:<true>
	at org.opensolaris.opengrok.authorization.AuthorizationFrameworkTest.testPluginsGeneric(AuthorizationFrameworkTest.java:668)

[ERROR] testPluginsGeneric[31](org.opensolaris.opengrok.authorization.AuthorizationFrameworkTest)  Time elapsed: 0.03 s  <<< FAILURE!
java.lang.AssertionError: 
REQUIRED[REQUIRED[load failing], REQUIRED[load failing]] -> {
expected <false> for entity not_allowed_project0.11034585461265933,
expected <false> for entity not_allowed_group_1804332113,
expected <false> for entity allowed_project0.8405756499764602,
expected <false> for entity allowed_group_1621753639
} <false> was <true> for entity not_allowed_project0.11034585461265933 expected:<false> but was:<true>
	at org.opensolaris.opengrok.authorization.AuthorizationFrameworkTest.testPluginsGeneric(AuthorizationFrameworkTest.java:668)

[ERROR] testPluginsGeneric[32](org.opensolaris.opengrok.authorization.AuthorizationFrameworkTest)  Time elapsed: 0.012 s  <<< FAILURE!
java.lang.AssertionError: 
REQUIRED[SUFFICIENT[test failing], REQUIRED[allowed prefix]] -> {
expected <false> for entity not_allowed_project0.27369616565300936,
expected <false> for entity not_allowed_group_-894372807,
expected <true> for entity allowed_project0.9203496393152965,
expected <true> for entity allowed_group_1650158196
} <false> was <true> for entity not_allowed_project0.27369616565300936 expected:<false> but was:<true>
	at org.opensolaris.opengrok.authorization.AuthorizationFrameworkTest.testPluginsGeneric(AuthorizationFrameworkTest.java:668)

[ERROR] testPluginsGeneric[33](org.opensolaris.opengrok.authorization.AuthorizationFrameworkTest)  Time elapsed: 0.012 s  <<< FAILURE!
java.lang.AssertionError: 
REQUIRED[REQUIRED[test failing], SUFFICIENT[allowed prefix]] -> {
expected <false> for entity not_allowed_project0.9086993541562984,
expected <false> for entity not_allowed_group_-1921405322,
expected <false> for entity allowed_project0.22348933399453863,
expected <false> for entity allowed_group_-2105775216
} <false> was <true> for entity not_allowed_project0.9086993541562984 expected:<false> but was:<true>
	at org.opensolaris.opengrok.authorization.AuthorizationFrameworkTest.testPluginsGeneric(AuthorizationFrameworkTest.java:668)

[ERROR] testPluginsGeneric[34](org.opensolaris.opengrok.authorization.AuthorizationFrameworkTest)  Time elapsed: 0.019 s  <<< FAILURE!
java.lang.AssertionError: 
REQUIRED[REQUIRED[test failing], REQUIRED[allowed prefix]] -> {
expected <false> for entity not_allowed_project0.15956145066148864,
expected <false> for entity not_allowed_group_-1487096422,
expected <true> for entity allowed_project0.5165184081621984,
expected <true> for entity allowed_group_-1590400121
} <false> was <true> for entity not_allowed_project0.15956145066148864 expected:<false> but was:<true>
	at org.opensolaris.opengrok.authorization.AuthorizationFrameworkTest.testPluginsGeneric(AuthorizationFrameworkTest.java:668)

[ERROR] testPluginsGeneric[36](org.opensolaris.opengrok.authorization.AuthorizationFrameworkTest)  Time elapsed: 0.016 s  <<< FAILURE!
java.lang.AssertionError: 
REQUIRED[REQUIRED[test failing], REQUIRED[test failing]] -> {
expected <false> for entity not_allowed_project0.24407587239146233,
expected <false> for entity not_allowed_group_182050157,
expected <false> for entity allowed_project0.5087319633687866,
expected <false> for entity allowed_group_1251300574
} <false> was <true> for entity not_allowed_project0.24407587239146233 expected:<false> but was:<true>
	at org.opensolaris.opengrok.authorization.AuthorizationFrameworkTest.testPluginsGeneric(AuthorizationFrameworkTest.java:668)

[INFO] Running org.opensolaris.opengrok.authorization.AuthorizationFrameworkReloadTest
[ERROR] Tests run: 4, Failures: 0, Errors: 2, Skipped: 0, Time elapsed: 0.468 s <<< FAILURE! - in org.opensolaris.opengrok.authorization.AuthorizationFrameworkReloadTest
[ERROR] testReloadCycle(org.opensolaris.opengrok.authorization.AuthorizationFrameworkReloadTest)  Time elapsed: 0.174 s  <<< ERROR!
java.lang.NullPointerException
	at org.opensolaris.opengrok.authorization.AuthorizationFrameworkReloadTest.testReloadCycle(AuthorizationFrameworkReloadTest.java:110)

[ERROR] testReloadSimple(org.opensolaris.opengrok.authorization.AuthorizationFrameworkReloadTest)  Time elapsed: 0.021 s  <<< ERROR!
java.lang.NullPointerException
	at org.opensolaris.opengrok.authorization.AuthorizationFrameworkReloadTest.testReloadSimple(AuthorizationFrameworkReloadTest.java:65)

[INFO] Running org.opensolaris.opengrok.authorization.AuthorizationEntityTest
[INFO] Tests run: 8, Failures: 0, Errors: 0, Skipped: 0, Time elapsed: 0.604 s - in org.opensolaris.opengrok.authorization.AuthorizationEntityTest
[INFO] Running org.opensolaris.opengrok.authorization.AuthorizationPluginClassLoaderTest
[INFO] Tests run: 5, Failures: 0, Errors: 0, Skipped: 0, Time elapsed: 0.404 s - in org.opensolaris.opengrok.authorization.AuthorizationPluginClassLoaderTest
[INFO] Running org.opensolaris.opengrok.search.SummarizerTest
[INFO] Tests run: 1, Failures: 0, Errors: 0, Skipped: 0, Time elapsed: 0.581 s - in org.opensolaris.opengrok.search.SummarizerTest
[INFO] Running org.opensolaris.opengrok.search.context.RegexpMatcherTest
[INFO] Tests run: 1, Failures: 0, Errors: 0, Skipped: 0, Time elapsed: 0.247 s - in org.opensolaris.opengrok.search.context.RegexpMatcherTest
[INFO] Running org.opensolaris.opengrok.search.context.ContextTest
[INFO] Tests run: 9, Failures: 0, Errors: 0, Skipped: 0, Time elapsed: 2.084 s - in org.opensolaris.opengrok.search.context.ContextTest
[INFO] Running org.opensolaris.opengrok.search.context.HistoryContextTest
[INFO] Tests run: 4, Failures: 0, Errors: 0, Skipped: 0, Time elapsed: 2.972 s - in org.opensolaris.opengrok.search.context.HistoryContextTest
[INFO] Running org.opensolaris.opengrok.search.context.WildCardMatcherTest
[INFO] Tests run: 1, Failures: 0, Errors: 0, Skipped: 0, Time elapsed: 0.214 s - in org.opensolaris.opengrok.search.context.WildCardMatcherTest
[INFO] Running org.opensolaris.opengrok.search.HitTest
[INFO] Tests run: 10, Failures: 0, Errors: 0, Skipped: 0, Time elapsed: 0.192 s - in org.opensolaris.opengrok.search.HitTest
[INFO] Running org.opensolaris.opengrok.search.SearchEngineTest
Skipping test. Could not find a ctags I could use in path.
[INFO] Tests run: 8, Failures: 0, Errors: 0, Skipped: 0, Time elapsed: 2.196 s - in org.opensolaris.opengrok.search.SearchEngineTest
[INFO] Running org.opensolaris.opengrok.search.SearchTest
Skipping test. Could not find a ctags I could use in path.
[INFO] Tests run: 6, Failures: 0, Errors: 0, Skipped: 0, Time elapsed: 1.328 s - in org.opensolaris.opengrok.search.SearchTest
[INFO] Running org.opensolaris.opengrok.search.QueryBuilderTest
[INFO] Tests run: 1, Failures: 0, Errors: 0, Skipped: 0, Time elapsed: 0.42 s - in org.opensolaris.opengrok.search.QueryBuilderTest
[INFO] Running org.opensolaris.opengrok.history.AnnotationTest
[INFO] Tests run: 8, Failures: 0, Errors: 0, Skipped: 0, Time elapsed: 0.134 s - in org.opensolaris.opengrok.history.AnnotationTest
[INFO] Running org.opensolaris.opengrok.history.RepositoryInfoTest
[INFO] Tests run: 1, Failures: 0, Errors: 0, Skipped: 0, Time elapsed: 0.204 s - in org.opensolaris.opengrok.history.RepositoryInfoTest
[INFO] Running org.opensolaris.opengrok.history.CVSHistoryParserTest
[INFO] Tests run: 2, Failures: 0, Errors: 0, Skipped: 0, Time elapsed: 0.333 s - in org.opensolaris.opengrok.history.CVSHistoryParserTest
[INFO] Running org.opensolaris.opengrok.history.SCCSRepositoryTest
[INFO] Tests run: 1, Failures: 0, Errors: 0, Skipped: 0, Time elapsed: 0.377 s - in org.opensolaris.opengrok.history.SCCSRepositoryTest
[INFO] Running org.opensolaris.opengrok.history.SubversionRepositoryTest
[INFO] Tests run: 1, Failures: 0, Errors: 0, Skipped: 0, Time elapsed: 0.211 s - in org.opensolaris.opengrok.history.SubversionRepositoryTest
[INFO] Running org.opensolaris.opengrok.history.BazaarRepositoryTest
[INFO] Tests run: 3, Failures: 0, Errors: 0, Skipped: 0, Time elapsed: 0.312 s - in org.opensolaris.opengrok.history.BazaarRepositoryTest
[INFO] Running org.opensolaris.opengrok.history.SCCSgetTest
sccs not available. Skipping test
[INFO] Tests run: 1, Failures: 0, Errors: 0, Skipped: 0, Time elapsed: 0.322 s - in org.opensolaris.opengrok.history.SCCSgetTest
[INFO] Running org.opensolaris.opengrok.history.FileHistoryCacheTest
[INFO] Tests run: 6, Failures: 0, Errors: 0, Skipped: 0, Time elapsed: 12.004 s - in org.opensolaris.opengrok.history.FileHistoryCacheTest
[INFO] Running org.opensolaris.opengrok.history.BitKeeperRepositoryTest
[ERROR] Tests run: 6, Failures: 0, Errors: 3, Skipped: 0, Time elapsed: 2.05 s <<< FAILURE! - in org.opensolaris.opengrok.history.BitKeeperRepositoryTest
[ERROR] testGetHistoryGet(org.opensolaris.opengrok.history.BitKeeperRepositoryTest)  Time elapsed: 0.218 s  <<< ERROR!
java.lang.NullPointerException
	at org.opensolaris.opengrok.history.BitKeeperRepositoryTest.readStream(BitKeeperRepositoryTest.java:167)
	at org.opensolaris.opengrok.history.BitKeeperRepositoryTest.testGetHistoryGet(BitKeeperRepositoryTest.java:176)

[ERROR] testGetHistory(org.opensolaris.opengrok.history.BitKeeperRepositoryTest)  Time elapsed: 0.202 s  <<< ERROR!
org.opensolaris.opengrok.history.HistoryException
	at org.opensolaris.opengrok.history.BitKeeperRepositoryTest.testGetHistory(BitKeeperRepositoryTest.java:129)

[ERROR] testAnnotation(org.opensolaris.opengrok.history.BitKeeperRepositoryTest)  Time elapsed: 0.218 s  <<< ERROR!
java.io.IOException
	at org.opensolaris.opengrok.history.BitKeeperRepositoryTest.testAnnotation(BitKeeperRepositoryTest.java:201)

[INFO] Running org.opensolaris.opengrok.history.HistoryEntryTest
[INFO] Tests run: 20, Failures: 0, Errors: 0, Skipped: 0, Time elapsed: 0.262 s - in org.opensolaris.opengrok.history.HistoryEntryTest
[INFO] Running org.opensolaris.opengrok.history.RCSRepositoryTest
[INFO] Tests run: 1, Failures: 0, Errors: 0, Skipped: 0, Time elapsed: 0.957 s - in org.opensolaris.opengrok.history.RCSRepositoryTest
[INFO] Running org.opensolaris.opengrok.history.MercurialRepositoryTest
[INFO] Tests run: 8, Failures: 0, Errors: 0, Skipped: 0, Time elapsed: 8.418 s - in org.opensolaris.opengrok.history.MercurialRepositoryTest
[INFO] Running org.opensolaris.opengrok.history.PerforceRepositoryTest
[INFO] Tests run: 2, Failures: 0, Errors: 0, Skipped: 0, Time elapsed: 0.343 s - in org.opensolaris.opengrok.history.PerforceRepositoryTest
[INFO] Running org.opensolaris.opengrok.history.ClearCaseHistoryParserTest
[INFO] Tests run: 2, Failures: 0, Errors: 0, Skipped: 0, Time elapsed: 0.188 s - in org.opensolaris.opengrok.history.ClearCaseHistoryParserTest
[INFO] Running org.opensolaris.opengrok.history.RepositoryTest
[INFO] Tests run: 4, Failures: 0, Errors: 0, Skipped: 0, Time elapsed: 0.209 s - in org.opensolaris.opengrok.history.RepositoryTest
[INFO] Running org.opensolaris.opengrok.history.GitHistoryParserTest
[INFO] Tests run: 5, Failures: 0, Errors: 0, Skipped: 0, Time elapsed: 0.432 s - in org.opensolaris.opengrok.history.GitHistoryParserTest
[INFO] Running org.opensolaris.opengrok.history.SSCMHistoryParserTest
[INFO] Tests run: 2, Failures: 0, Errors: 0, Skipped: 0, Time elapsed: 0.244 s - in org.opensolaris.opengrok.history.SSCMHistoryParserTest
[INFO] Running org.opensolaris.opengrok.history.GitRepositoryTest
[ERROR] Tests run: 13, Failures: 0, Errors: 3, Skipped: 0, Time elapsed: 1.162 s <<< FAILURE! - in org.opensolaris.opengrok.history.GitRepositoryTest
[ERROR] testRenamedSingleHistory(org.opensolaris.opengrok.history.GitRepositoryTest)  Time elapsed: 0.067 s  <<< ERROR!
org.opensolaris.opengrok.history.HistoryException: Failed to get history for: "/tmp/source4810676773897894672opengrok/git/moved2/renamed2.c" Exit code: 128
	at org.opensolaris.opengrok.history.GitRepositoryTest.testRenamedSingleHistory(GitRepositoryTest.java:393)

[ERROR] testRenamedHistory(org.opensolaris.opengrok.history.GitRepositoryTest)  Time elapsed: 0.025 s  <<< ERROR!
org.opensolaris.opengrok.history.HistoryException: Failed to get history for: "/tmp/source4810676773897894672opengrok/git" Exit code: 128
	at org.opensolaris.opengrok.history.GitRepositoryTest.testRenamedHistory(GitRepositoryTest.java:362)

[ERROR] testDetermineCurrentVersion(org.opensolaris.opengrok.history.GitRepositoryTest)  Time elapsed: 0.029 s  <<< ERROR!
java.io.IOException: 
fatal: unknown date format iso8601-strict

	at org.opensolaris.opengrok.history.GitRepositoryTest.testDetermineCurrentVersion(GitRepositoryTest.java:87)

[INFO] Running org.opensolaris.opengrok.history.RazorHistoryParserTest
[INFO] Tests run: 2, Failures: 0, Errors: 0, Skipped: 0, Time elapsed: 0.325 s - in org.opensolaris.opengrok.history.RazorHistoryParserTest
[INFO] Running org.opensolaris.opengrok.history.SubversionHistoryParserTest
[INFO] Tests run: 3, Failures: 0, Errors: 0, Skipped: 0, Time elapsed: 0.3 s - in org.opensolaris.opengrok.history.SubversionHistoryParserTest
[INFO] Running org.opensolaris.opengrok.history.HistoryGuruTest
[ERROR] Tests run: 6, Failures: 0, Errors: 1, Skipped: 0, Time elapsed: 11.215 s <<< FAILURE! - in org.opensolaris.opengrok.history.HistoryGuruTest
[ERROR] testGetRevision(org.opensolaris.opengrok.history.HistoryGuruTest)  Time elapsed: 2.145 s  <<< ERROR!
org.opensolaris.opengrok.history.HistoryException: Failed to get history for: "/tmp/source8070730839999167911opengrok/git/moved2/renamed2.c" Exit code: 128
	at org.opensolaris.opengrok.history.HistoryGuruTest.testGetRevision(HistoryGuruTest.java:118)

[INFO] Running org.opensolaris.opengrok.history.BazaarHistoryParserTest
[INFO] Tests run: 3, Failures: 0, Errors: 0, Skipped: 0, Time elapsed: 0.251 s - in org.opensolaris.opengrok.history.BazaarHistoryParserTest
[INFO] Running org.opensolaris.opengrok.history.PerforceHistoryParserTest
[INFO] Tests run: 2, Failures: 0, Errors: 0, Skipped: 0, Time elapsed: 0.167 s - in org.opensolaris.opengrok.history.PerforceHistoryParserTest
[INFO] Running org.opensolaris.opengrok.history.CVSRepositoryTest
[ERROR] Tests run: 5, Failures: 2, Errors: 0, Skipped: 0, Time elapsed: 0.783 s <<< FAILURE! - in org.opensolaris.opengrok.history.CVSRepositoryTest
[ERROR] testGetBranchNoBranch(org.opensolaris.opengrok.history.CVSRepositoryTest)  Time elapsed: 0.328 s  <<< FAILURE!
java.lang.AssertionError: 
cvs command '[cvs, -d, /tmp/source8667774620823029927opengrok/cvs_test/cvsroot, checkout, cvsrepo]'failed.
exit code: -1
stdout:

stderr:
null
	at org.opensolaris.opengrok.history.CVSRepositoryTest.runCvsCommand(CVSRepositoryTest.java:123)
	at org.opensolaris.opengrok.history.CVSRepositoryTest.setUpTestRepository(CVSRepositoryTest.java:90)
	at org.opensolaris.opengrok.history.CVSRepositoryTest.testGetBranchNoBranch(CVSRepositoryTest.java:137)

[ERROR] testNewBranch(org.opensolaris.opengrok.history.CVSRepositoryTest)  Time elapsed: 0.221 s  <<< FAILURE!
java.lang.AssertionError: 
cvs command '[cvs, -d, /tmp/source4092899500504357856opengrok/cvs_test/cvsroot, checkout, cvsrepo]'failed.
exit code: -1
stdout:

stderr:
null
	at org.opensolaris.opengrok.history.CVSRepositoryTest.runCvsCommand(CVSRepositoryTest.java:123)
	at org.opensolaris.opengrok.history.CVSRepositoryTest.setUpTestRepository(CVSRepositoryTest.java:90)
	at org.opensolaris.opengrok.history.CVSRepositoryTest.testNewBranch(CVSRepositoryTest.java:154)

[INFO] Running org.opensolaris.opengrok.index.IndexerRepoTest
Generate index by using command line options without -H
Skipping test. Could not find a ctags I could use.
Generate index by using command line options with -H
Skipping test. Could not find a ctags I could use.
[INFO] Tests run: 2, Failures: 0, Errors: 0, Skipped: 0, Time elapsed: 0.779 s - in org.opensolaris.opengrok.index.IndexerRepoTest
[INFO] Running org.opensolaris.opengrok.index.IndexDatabaseTest
[ERROR] Tests run: 2, Failures: 1, Errors: 1, Skipped: 0, Time elapsed: 0.294 s <<< FAILURE! - in org.opensolaris.opengrok.index.IndexDatabaseTest
[ERROR] org.opensolaris.opengrok.index.IndexDatabaseTest  Time elapsed: 0.293 s  <<< FAILURE!
java.lang.AssertionError: No ctags available
	at org.opensolaris.opengrok.index.IndexDatabaseTest.setUpClass(IndexDatabaseTest.java:60)

[ERROR] org.opensolaris.opengrok.index.IndexDatabaseTest  Time elapsed: 0.294 s  <<< ERROR!
java.lang.NullPointerException
	at org.opensolaris.opengrok.index.IndexDatabaseTest.tearDownClass(IndexDatabaseTest.java:85)

[INFO] Running org.opensolaris.opengrok.index.IgnoredNamesTest
[INFO] Tests run: 4, Failures: 0, Errors: 0, Skipped: 0, Time elapsed: 0.417 s - in org.opensolaris.opengrok.index.IgnoredNamesTest
[INFO] Running org.opensolaris.opengrok.index.IndexerTest
[ERROR] Tests run: 1, Failures: 1, Errors: 0, Skipped: 0, Time elapsed: 0.307 s <<< FAILURE! - in org.opensolaris.opengrok.index.IndexerTest
[ERROR] org.opensolaris.opengrok.index.IndexerTest  Time elapsed: 0.307 s  <<< FAILURE!
java.lang.AssertionError: No point in running indexer tests without valid ctags
	at org.opensolaris.opengrok.index.IndexerTest.setUpClass(IndexerTest.java:81)

[INFO] Running org.opensolaris.opengrok.condition.RunningRepeatableConditionTest
[WARNING] Tests run: 2, Failures: 0, Errors: 0, Skipped: 1, Time elapsed: 0.232 s - in org.opensolaris.opengrok.condition.RunningRepeatableConditionTest
[INFO] Running org.opensolaris.opengrok.condition.SkippingRepeatableConditionTest
[WARNING] Tests run: 1, Failures: 0, Errors: 0, Skipped: 1, Time elapsed: 0.197 s - in org.opensolaris.opengrok.condition.SkippingRepeatableConditionTest
[INFO] Running org.opensolaris.opengrok.util.ExecutorTest
[INFO] Tests run: 3, Failures: 0, Errors: 0, Skipped: 0, Time elapsed: 0.271 s - in org.opensolaris.opengrok.util.ExecutorTest
[INFO] Running org.opensolaris.opengrok.util.OptionParserTest
[INFO] Tests run: 16, Failures: 0, Errors: 0, Skipped: 0, Time elapsed: 0.418 s - in org.opensolaris.opengrok.util.OptionParserTest
[INFO] Running org.opensolaris.opengrok.util.GetoptTest
[INFO] Tests run: 3, Failures: 0, Errors: 0, Skipped: 0, Time elapsed: 0.17 s - in org.opensolaris.opengrok.util.GetoptTest
[INFO] Running org.opensolaris.opengrok.util.XmlEofInputStreamTest
[INFO] Tests run: 4, Failures: 0, Errors: 0, Skipped: 0, Time elapsed: 0.102 s - in org.opensolaris.opengrok.util.XmlEofInputStreamTest
[INFO] Running org.opensolaris.opengrok.util.XmlEofOutputStreamTest
[INFO] Tests run: 4, Failures: 0, Errors: 0, Skipped: 0, Time elapsed: 0.125 s - in org.opensolaris.opengrok.util.XmlEofOutputStreamTest
[INFO] Running org.opensolaris.opengrok.util.StringUtilsTest
[INFO] Tests run: 10, Failures: 0, Errors: 0, Skipped: 0, Time elapsed: 0.145 s - in org.opensolaris.opengrok.util.StringUtilsTest
[INFO] 
[INFO] Results:
[INFO] 
[ERROR] Failures: 
[ERROR]   CtagsTest.setUpClass:67 No point in running ctags tests without valid ctags
[ERROR]   AuthorizationFrameworkTest.testPluginsGeneric:668 REQUIRED[load failing, allowed prefix] -> {
expected <false> for entity not_allowed_project0.29691029707215266,
expected <false> for entity not_allowed_group_-1998280489,
expected <true> for entity allowed_project0.9001991348134294,
expected <true> for entity allowed_group_122956737
} <false> was <true> for entity not_allowed_project0.29691029707215266 expected:<false> but was:<true>
[ERROR]   AuthorizationFrameworkTest.testPluginsGeneric:668 REQUIRED[load failing, allowed prefix] -> {
expected <false> for entity not_allowed_project0.8548952636377826,
expected <false> for entity not_allowed_group_2071249300,
expected <false> for entity allowed_project0.25205916732131073,
expected <false> for entity allowed_group_1506037978
} <false> was <true> for entity not_allowed_project0.8548952636377826 expected:<false> but was:<true>
[ERROR]   AuthorizationFrameworkTest.testPluginsGeneric:668 REQUIRED[load failing, load failing] -> {
expected <false> for entity not_allowed_project0.9527681729084632,
expected <false> for entity not_allowed_group_2049705159,
expected <false> for entity allowed_project0.12209669677104351,
expected <false> for entity allowed_group_-1811552156
} <false> was <true> for entity not_allowed_project0.9527681729084632 expected:<false> but was:<true>
[ERROR]   AuthorizationFrameworkTest.testPluginsGeneric:668 REQUIRED[load failing, load failing] -> {
expected <false> for entity not_allowed_project0.8222500594406543,
expected <false> for entity not_allowed_group_-1748884645,
expected <false> for entity allowed_project0.7747503848019864,
expected <false> for entity allowed_group_-1819174578
} <false> was <true> for entity not_allowed_project0.8222500594406543 expected:<false> but was:<true>
[ERROR]   AuthorizationFrameworkTest.testPluginsGeneric:668 REQUIRED[test failing, allowed prefix] -> {
expected <false> for entity not_allowed_project0.44804823986867937,
expected <false> for entity not_allowed_group_-1716760255,
expected <true> for entity allowed_project0.42207101098434396,
expected <true> for entity allowed_group_-1576622984
} <false> was <true> for entity not_allowed_project0.44804823986867937 expected:<false> but was:<true>
[ERROR]   AuthorizationFrameworkTest.testPluginsGeneric:668 REQUIRED[test failing, allowed prefix] -> {
expected <false> for entity not_allowed_project0.6005003741138353,
expected <false> for entity not_allowed_group_2141617133,
expected <false> for entity allowed_project0.760396660942778,
expected <false> for entity allowed_group_831790743
} <false> was <true> for entity not_allowed_project0.6005003741138353 expected:<false> but was:<true>
[ERROR]   AuthorizationFrameworkTest.testPluginsGeneric:668 REQUIRED[test failing, test failing] -> {
expected <false> for entity not_allowed_project0.3798554453028593,
expected <false> for entity not_allowed_group_-786944573,
expected <false> for entity allowed_project0.026384687860517286,
expected <false> for entity allowed_group_310333497
} <false> was <true> for entity not_allowed_project0.3798554453028593 expected:<false> but was:<true>
[ERROR]   AuthorizationFrameworkTest.testPluginsGeneric:668 REQUIRED[test failing, test failing] -> {
expected <false> for entity not_allowed_project0.021504997770041223,
expected <false> for entity not_allowed_group_-408458461,
expected <false> for entity allowed_project0.7961459967382656,
expected <false> for entity allowed_group_1500680849
} <false> was <true> for entity not_allowed_project0.021504997770041223 expected:<false> but was:<true>
[ERROR]   AuthorizationFrameworkTest.testPluginsGeneric:668 REQUIRED[SUFFICIENT[allowed prefix], REQUIRED[allowed prefix]] -> {
expected <false> for entity not_allowed_project0.5357076468166319,
expected <false> for entity not_allowed_group_-2107634099,
expected <true> for entity allowed_project0.04107465512513209,
expected <true> for entity allowed_group_1319873866
} <false> was <true> for entity not_allowed_project0.5357076468166319 expected:<false> but was:<true>
[ERROR]   AuthorizationFrameworkTest.testPluginsGeneric:668 REQUIRED[REQUIRED[allowed prefix], REQUIRED[not_allowed prefix]] -> {
expected <false> for entity not_allowed_project0.4825612222026556,
expected <false> for entity not_allowed_group_-388739814,
expected <false> for entity allowed_project0.5644008359650432,
expected <false> for entity allowed_group_1631512629
} <false> was <true> for entity not_allowed_project0.4825612222026556 expected:<false> but was:<true>
[ERROR]   AuthorizationFrameworkTest.testPluginsGeneric:668 REQUIRED[REQUISITE[allowed prefix], SUFFICIENT[allowed prefix], REQUIRED[not_allowed prefix]] -> {
expected <false> for entity not_allowed_project0.7253098509990735,
expected <false> for entity not_allowed_group_155516992,
expected <true> for entity allowed_project0.9588096253096043,
expected <true> for entity allowed_group_203477048
} <false> was <true> for entity not_allowed_project0.7253098509990735 expected:<false> but was:<true>
[ERROR]   AuthorizationFrameworkTest.testPluginsGeneric:668 REQUIRED[SUFFICIENT[load failing], REQUIRED[allowed prefix]] -> {
expected <false> for entity not_allowed_project0.39795496959423426,
expected <false> for entity not_allowed_group_1011207545,
expected <true> for entity allowed_project0.11437108743005464,
expected <true> for entity allowed_group_308191130
} <false> was <true> for entity not_allowed_project0.39795496959423426 expected:<false> but was:<true>
[ERROR]   AuthorizationFrameworkTest.testPluginsGeneric:668 REQUIRED[REQUIRED[load failing], SUFFICIENT[allowed prefix]] -> {
expected <false> for entity not_allowed_project0.7098022257435807,
expected <false> for entity not_allowed_group_1648859275,
expected <false> for entity allowed_project0.32100682622186383,
expected <false> for entity allowed_group_796321838
} <false> was <true> for entity not_allowed_project0.7098022257435807 expected:<false> but was:<true>
[ERROR]   AuthorizationFrameworkTest.testPluginsGeneric:668 REQUIRED[REQUIRED[load failing], REQUIRED[allowed prefix]] -> {
expected <false> for entity not_allowed_project0.7168400450126403,
expected <false> for entity not_allowed_group_945582506,
expected <true> for entity allowed_project0.7952035222995278,
expected <true> for entity allowed_group_1135194446
} <false> was <true> for entity not_allowed_project0.7168400450126403 expected:<false> but was:<true>
[ERROR]   AuthorizationFrameworkTest.testPluginsGeneric:668 REQUIRED[REQUIRED[load failing], REQUIRED[load failing]] -> {
expected <false> for entity not_allowed_project0.11034585461265933,
expected <false> for entity not_allowed_group_1804332113,
expected <false> for entity allowed_project0.8405756499764602,
expected <false> for entity allowed_group_1621753639
} <false> was <true> for entity not_allowed_project0.11034585461265933 expected:<false> but was:<true>
[ERROR]   AuthorizationFrameworkTest.testPluginsGeneric:668 REQUIRED[SUFFICIENT[test failing], REQUIRED[allowed prefix]] -> {
expected <false> for entity not_allowed_project0.27369616565300936,
expected <false> for entity not_allowed_group_-894372807,
expected <true> for entity allowed_project0.9203496393152965,
expected <true> for entity allowed_group_1650158196
} <false> was <true> for entity not_allowed_project0.27369616565300936 expected:<false> but was:<true>
[ERROR]   AuthorizationFrameworkTest.testPluginsGeneric:668 REQUIRED[REQUIRED[test failing], SUFFICIENT[allowed prefix]] -> {
expected <false> for entity not_allowed_project0.9086993541562984,
expected <false> for entity not_allowed_group_-1921405322,
expected <false> for entity allowed_project0.22348933399453863,
expected <false> for entity allowed_group_-2105775216
} <false> was <true> for entity not_allowed_project0.9086993541562984 expected:<false> but was:<true>
[ERROR]   AuthorizationFrameworkTest.testPluginsGeneric:668 REQUIRED[REQUIRED[test failing], REQUIRED[allowed prefix]] -> {
expected <false> for entity not_allowed_project0.15956145066148864,
expected <false> for entity not_allowed_group_-1487096422,
expected <true> for entity allowed_project0.5165184081621984,
expected <true> for entity allowed_group_-1590400121
} <false> was <true> for entity not_allowed_project0.15956145066148864 expected:<false> but was:<true>
[ERROR]   AuthorizationFrameworkTest.testPluginsGeneric:668 REQUIRED[REQUIRED[test failing], REQUIRED[test failing]] -> {
expected <false> for entity not_allowed_project0.24407587239146233,
expected <false> for entity not_allowed_group_182050157,
expected <false> for entity allowed_project0.5087319633687866,
expected <false> for entity allowed_group_1251300574
} <false> was <true> for entity not_allowed_project0.24407587239146233 expected:<false> but was:<true>
[ERROR]   AuthorizationFrameworkTest.testPluginsGeneric:668 REQUIRED[not_allowed prefix, allowed prefix] -> {
expected <true> for entity not_allowed_project0.47162052464403414,
expected <true> for entity not_allowed_group_-1652169083,
expected <false> for entity allowed_project0.6581055985414138,
expected <false> for entity allowed_group_-101550141
} <false> was <true> for entity allowed_project0.6581055985414138 expected:<false> but was:<true>
[ERROR]   AuthorizationFrameworkTest.testPluginsGeneric:668 REQUIRED[allowed prefix, allowed prefix] -> {
expected <false> for entity not_allowed_project0.02857134538280104,
expected <false> for entity not_allowed_group_1576828915,
expected <true> for entity allowed_project0.5178607968023955,
expected <true> for entity allowed_group_1105856916
} <false> was <true> for entity not_allowed_project0.02857134538280104 expected:<false> but was:<true>
[ERROR]   AuthorizationFrameworkTest.testPluginsGeneric:668 REQUIRED[allowed prefix, allowed prefix] -> {
expected <false> for entity not_allowed_project0.5376435779466041,
expected <false> for entity not_allowed_group_1295096958,
expected <true> for entity allowed_project0.6387699343295316,
expected <true> for entity allowed_group_-1657785694
} <false> was <true> for entity not_allowed_project0.5376435779466041 expected:<false> but was:<true>
[ERROR]   AuthorizationFrameworkTest.testPluginsGeneric:668 REQUIRED[allowed prefix, not_allowed prefix] -> {
expected <false> for entity not_allowed_project0.4922667893682695,
expected <false> for entity not_allowed_group_1874097015,
expected <true> for entity allowed_project0.38106706170182747,
expected <true> for entity allowed_group_1967684101
} <false> was <true> for entity not_allowed_project0.4922667893682695 expected:<false> but was:<true>
[ERROR]   AuthorizationFrameworkTest.testPluginsGeneric:668 REQUIRED[allowed prefix, not_allowed prefix] -> {
expected <false> for entity not_allowed_project0.15268157318563103,
expected <false> for entity not_allowed_group_-589595047,
expected <false> for entity allowed_project0.8120072226521491,
expected <false> for entity allowed_group_471478482
} <false> was <true> for entity not_allowed_project0.15268157318563103 expected:<false> but was:<true>
[ERROR]   AuthorizationFrameworkTest.testPluginsGeneric:668 REQUIRED[not_allowed prefix, allowed prefix] -> {
expected <false> for entity not_allowed_project0.7699276465932349,
expected <false> for entity not_allowed_group_-1299405386,
expected <false> for entity allowed_project0.280662155341996,
expected <false> for entity allowed_group_73912532
} <false> was <true> for entity not_allowed_project0.7699276465932349 expected:<false> but was:<true>
[ERROR]   ProjectMessageTest.testDelete:255 No point in running indexer tests without valid ctags
[ERROR]   CVSRepositoryTest.testGetBranchNoBranch:137->setUpTestRepository:90->runCvsCommand:123 cvs command '[cvs, -d, /tmp/source8667774620823029927opengrok/cvs_test/cvsroot, checkout, cvsrepo]'failed.
exit code: -1
stdout:

stderr:
null
[ERROR]   CVSRepositoryTest.testNewBranch:154->setUpTestRepository:90->runCvsCommand:123 cvs command '[cvs, -d, /tmp/source4092899500504357856opengrok/cvs_test/cvsroot, checkout, cvsrepo]'failed.
exit code: -1
stdout:

stderr:
null
[ERROR]   IndexerTest.setUpClass:81 No point in running indexer tests without valid ctags
[ERROR]   PageConfigTest.canProcessHistory:110->assertCanProcess:479 expected:<> but was:<null>
[ERROR]   PageConfigTest.canProcessXref:130->assertCanProcess:479 expected:<> but was:<null>
[ERROR]   PageConfigTest.testCheckSourceRootExistence4:437 This should throw an exception when the file is not readable
[ERROR]   PageConfigTest.testGetAnnotation:342
[ERROR]   PageConfigTest.testGetLatestRevisionValid:257 expected:<aa35c258> but was:<null>
[ERROR] Errors: 
[ERROR]   JFlexXrefTest.bug18586:361  IO Cannot run program "ctags": error=2, No such f...
[ERROR]   JFlexXrefTest.testBug15890Anchor:148->bug15890Anchor:164  IO Cannot run progr...
[ERROR]   CAnalyzerFactoryTest.testScopeAnalyzer:117  IO Cannot run program "ctags": er...
[ERROR]   CxxAnalyzerFactoryTest.testScopeAnalyzer:117  IO Cannot run program "ctags": ...
[ERROR]   ClojureAnalyzerFactoryTest.testScopeAnalyzer:114  IO Cannot run program "ctag...
[ERROR]   CSharpAnalyzerFactoryTest.testScopeAnalyzer:110  IO Cannot run program "ctags...
[ERROR]   JavaAnalyzerFactoryTest.testScopeAnalyzer:117  IO Cannot run program "ctags":...
[ERROR]   PascalAnalyzerFactoryTest.testAnalyzer:114  IO Cannot run program "ctags": er...
[ERROR]   AuthorizationFrameworkReloadTest.testReloadCycle:110  NullPointer
[ERROR]   AuthorizationFrameworkReloadTest.testReloadSimple:65  NullPointer
[ERROR]   BitKeeperRepositoryTest.testAnnotation:201  IO
[ERROR]   BitKeeperRepositoryTest.testGetHistory:129  History
[ERROR]   BitKeeperRepositoryTest.testGetHistoryGet:176->readStream:167  NullPointer
[ERROR]   GitRepositoryTest.testDetermineCurrentVersion:87  IO fatal: unknown date form...
[ERROR]   GitRepositoryTest.testRenamedHistory:362  History Failed to get history for: ...
[ERROR]   GitRepositoryTest.testRenamedSingleHistory:393  History Failed to get history...
[ERROR]   HistoryGuruTest.testGetRevision:118  History Failed to get history for: "/tmp...
[ERROR] org.opensolaris.opengrok.index.IndexDatabaseTest.org.opensolaris.opengrok.index.IndexDatabaseTest
[ERROR]   Run 1: IndexDatabaseTest.setUpClass:60 No ctags available
[ERROR]   Run 2: IndexDatabaseTest.tearDownClass:85 NullPointer
[INFO] 
[INFO] 
[ERROR] Tests run: 620, Failures: 35, Errors: 18, Skipped: 2
[INFO] 
[INFO] ------------------------------------------------------------------------
[INFO] Reactor Summary:
[INFO] 
[INFO] OpenGrok ........................................... SUCCESS [  0.010 s]
[INFO] Java RCS ........................................... SUCCESS [  3.353 s]
[INFO] OpenGrok Indexer ................................... FAILURE [04:44 min]
[INFO] OpenGrok authorization plugins ..................... SKIPPED
[INFO] OpenGrok Web ....................................... SKIPPED
[INFO] ------------------------------------------------------------------------
[INFO] BUILD FAILURE
[INFO] ------------------------------------------------------------------------
[INFO] Total time: 04:48 min
[INFO] Finished at: 2017-12-13T14:14:58+01:00
[INFO] Final Memory: 31M/968M
[INFO] ------------------------------------------------------------------------
[ERROR] Failed to execute goal org.apache.maven.plugins:maven-surefire-plugin:2.20:test (default-test) on project opengrok-indexer: There are test failures.
[ERROR] 
[ERROR] Please refer to /root/workspace/OpenGrok/OpenGrok/315859581/opengrok-indexer/target/surefire-reports for the individual test results.
[ERROR] Please refer to dump files (if any exist) [date]-jvmRun[N].dump, [date].dumpstream and [date]-jvmRun[N].dumpstream.
[ERROR] -> [Help 1]
[ERROR] 
[ERROR] To see the full stack trace of the errors, re-run Maven with the -e switch.
[ERROR] Re-run Maven using the -X switch to enable full debug logging.
[ERROR] 
[ERROR] For more information about the errors and possible solutions, please read the following articles:
[ERROR] [Help 1] http://cwiki.apache.org/confluence/display/MAVEN/MojoFailureException
[ERROR] 
[ERROR] After correcting the problems, you can resume the build with the command
[ERROR]   mvn <goals> -rf :opengrok-indexer
