#Repairnator properties
#Sat Mar 18 03:25:57 CET 2017
step-durations=[CheckoutBuild\=0, CloneRepository\=27, TestProject\=861, BuildProject\=381, GatherTestInformation\=1]
buildid=212309585
workspace=./workspace
repo=druid-io/druid
error-types=java.lang.AssertionError
failing-test-cases=FailureLocation{className\='io.druid.segment.loading.SegmentLoaderLocalCacheManagerTest', failingMethods\=[io.druid.segment.loading.SegmentLoaderLocalCacheManagerTest\#testRetryAllFail, io.druid.segment.loading.SegmentLoaderLocalCacheManagerTest\#testRetrySuccessAtSecondLocation], erroringMethods\=[], failures\=[FailureType{failureName\='java.lang.AssertionError', failureDetail\='null', isError\=false}, FailureType{failureName\='java.lang.AssertionError', failureDetail\='null', isError\=false}], nbFailures\=2, nbErrors\=0},FailureLocation{className\='io.druid.segment.loading.LocalDataSegmentPusherTest', failingMethods\=[io.druid.segment.loading.LocalDataSegmentPusherTest\#testPushCannotCreateDirectory], erroringMethods\=[], failures\=[FailureType{failureName\='java.lang.AssertionError', failureDetail\='Expected test to throw (an instance of java.io.IOException and exception with message a string containing "Unable to create directory")', isError\=false}], nbFailures\=1, nbErrors\=0},FailureLocation{className\='io.druid.query.lookup.LookupSnapshotTakerTest', failingMethods\=[io.druid.query.lookup.LookupSnapshotTakerTest\#testIOExceptionDuringLookupPersist], erroringMethods\=[], failures\=[FailureType{failureName\='java.lang.AssertionError', failureDetail\='Expected exception\: io.druid.java.util.common.ISE', isError\=false}], nbFailures\=1, nbErrors\=0}
failingModule=/root/workspace/druid-io/druid/212309585/server
