# JRE version: OpenJDK Runtime Environment (8.0_121-b13) (build 1.8.0_121-8u121-b13-1~bpo8+1-b13)
# Java VM: OpenJDK 64-Bit Server VM (25.121-b13 mixed mode linux-amd64 compressed oops)
Heap:
 PSYoungGen      total 633856K, used 18428K [0x0000000718100000, 0x0000000740c00000, 0x00000007c0000000)
  eden space 615424K, 0% used [0x0000000718100000,0x0000000718100000,0x000000073da00000)
  from space 18432K, 99% used [0x000000073e800000,0x000000073f9ff2f0,0x000000073fa00000)
  to   space 14336K, 0% used [0x000000073fe00000,0x000000073fe00000,0x0000000740c00000)
 ParOldGen       total 236032K, used 20742K [0x00000005c8200000, 0x00000005d6880000, 0x0000000718100000)
  object space 236032K, 8% used [0x00000005c8200000,0x00000005c96418f0,0x00000005d6880000)
 Metaspace       used 44775K, capacity 46458K, committed 46720K, reserved 1089536K
  class space    used 6074K, capacity 6432K, committed 6528K, reserved 1048576K
GC Heap History (10 events):
Event: 96.093 GC heap after
Heap after GC invocations=4 (full 1):
 PSYoungGen      total 279552K, used 11327K [0x0000000718100000, 0x0000000733e00000, 0x00000007c0000000)
  eden space 258048K, 0% used [0x0000000718100000,0x0000000718100000,0x0000000727d00000)
  from space 21504K, 52% used [0x0000000727d00000,0x000000072880fef0,0x0000000729200000)
  to   space 21504K, 0% used [0x0000000732900000,0x0000000732900000,0x0000000733e00000)
 ParOldGen       total 176640K, used 7045K [0x00000005c8200000, 0x00000005d2e80000, 0x0000000718100000)
  object space 176640K, 3% used [0x00000005c8200000,0x00000005c88e1708,0x00000005d2e80000)
 Metaspace       used 32834K, capacity 33526K, committed 33792K, reserved 1079296K
  class space    used 4361K, capacity 4539K, committed 4608K, reserved 1048576K
}
Event: 157.043 GC heap before
{Heap before GC invocations=5 (full 1):
 PSYoungGen      total 279552K, used 96272K [0x0000000718100000, 0x0000000733e00000, 0x00000007c0000000)
  eden space 258048K, 32% used [0x0000000718100000,0x000000071d3f41e0,0x0000000727d00000)
  from space 21504K, 52% used [0x0000000727d00000,0x000000072880fef0,0x0000000729200000)
  to   space 21504K, 0% used [0x0000000732900000,0x0000000732900000,0x0000000733e00000)
 ParOldGen       total 176640K, used 7045K [0x00000005c8200000, 0x00000005d2e80000, 0x0000000718100000)
  object space 176640K, 3% used [0x00000005c8200000,0x00000005c88e1708,0x00000005d2e80000)
 Metaspace       used 34426K, capacity 35322K, committed 35416K, reserved 1079296K
  class space    used 4562K, capacity 4811K, committed 4864K, reserved 1048576K
Event: 157.105 GC heap after
Heap after GC invocations=5 (full 1):
 PSYoungGen      total 401408K, used 5888K [0x0000000718100000, 0x0000000732f00000, 0x00000007c0000000)
  eden space 395264K, 0% used [0x0000000718100000,0x0000000718100000,0x0000000730300000)
  from space 6144K, 95% used [0x0000000732900000,0x0000000732ec01d8,0x0000000732f00000)
  to   space 21504K, 0% used [0x0000000730500000,0x0000000730500000,0x0000000731a00000)
 ParOldGen       total 176640K, used 7053K [0x00000005c8200000, 0x00000005d2e80000, 0x0000000718100000)
  object space 176640K, 3% used [0x00000005c8200000,0x00000005c88e3708,0x00000005d2e80000)
 Metaspace       used 34426K, capacity 35322K, committed 35416K, reserved 1079296K
  class space    used 4562K, capacity 4811K, committed 4864K, reserved 1048576K
}
Event: 157.105 GC heap before
{Heap before GC invocations=6 (full 2):
 PSYoungGen      total 401408K, used 5888K [0x0000000718100000, 0x0000000732f00000, 0x00000007c0000000)
  eden space 395264K, 0% used [0x0000000718100000,0x0000000718100000,0x0000000730300000)
  from space 6144K, 95% used [0x0000000732900000,0x0000000732ec01d8,0x0000000732f00000)
  to   space 21504K, 0% used [0x0000000730500000,0x0000000730500000,0x0000000731a00000)
 ParOldGen       total 176640K, used 7053K [0x00000005c8200000, 0x00000005d2e80000, 0x0000000718100000)
  object space 176640K, 3% used [0x00000005c8200000,0x00000005c88e3708,0x00000005d2e80000)
 Metaspace       used 34426K, capacity 35322K, committed 35416K, reserved 1079296K
  class space    used 4562K, capacity 4811K, committed 4864K, reserved 1048576K
Event: 157.288 GC heap after
Heap after GC invocations=6 (full 2):
 PSYoungGen      total 401408K, used 0K [0x0000000718100000, 0x0000000732f00000, 0x00000007c0000000)
  eden space 395264K, 0% used [0x0000000718100000,0x0000000718100000,0x0000000730300000)
  from space 6144K, 0% used [0x0000000732900000,0x0000000732900000,0x0000000732f00000)
  to   space 21504K, 0% used [0x0000000730500000,0x0000000730500000,0x0000000731a00000)
 ParOldGen       total 236032K, used 11699K [0x00000005c8200000, 0x00000005d6880000, 0x0000000718100000)
  object space 236032K, 4% used [0x00000005c8200000,0x00000005c8d6ce10,0x00000005d6880000)
 Metaspace       used 34426K, capacity 35322K, committed 35416K, reserved 1079296K
  class space    used 4562K, capacity 4811K, committed 4864K, reserved 1048576K
}
Event: 943.361 GC heap before
{Heap before GC invocations=7 (full 2):
 PSYoungGen      total 401408K, used 395264K [0x0000000718100000, 0x0000000732f00000, 0x00000007c0000000)
  eden space 395264K, 100% used [0x0000000718100000,0x0000000730300000,0x0000000730300000)
  from space 6144K, 0% used [0x0000000732900000,0x0000000732900000,0x0000000732f00000)
  to   space 21504K, 0% used [0x0000000730500000,0x0000000730500000,0x0000000731a00000)
 ParOldGen       total 236032K, used 11699K [0x00000005c8200000, 0x00000005d6880000, 0x0000000718100000)
  object space 236032K, 4% used [0x00000005c8200000,0x00000005c8d6ce10,0x00000005d6880000)
 Metaspace       used 41905K, capacity 43234K, committed 43392K, reserved 1087488K
  class space    used 5589K, capacity 5895K, committed 6016K, reserved 1048576K
Event: 943.394 GC heap after
Heap after GC invocations=7 (full 2):
 PSYoungGen      total 418816K, used 8410K [0x0000000718100000, 0x0000000740c00000, 0x00000007c0000000)
  eden space 397312K, 0% used [0x0000000718100000,0x0000000718100000,0x0000000730500000)
  from space 21504K, 39% used [0x0000000730500000,0x0000000730d36bc8,0x0000000731a00000)
  to   space 14336K, 0% used [0x000000073fe00000,0x000000073fe00000,0x0000000740c00000)
 ParOldGen       total 236032K, used 11707K [0x00000005c8200000, 0x00000005d6880000, 0x0000000718100000)
  object space 236032K, 4% used [0x00000005c8200000,0x00000005c8d6ee10,0x00000005d6880000)
 Metaspace       used 41905K, capacity 43234K, committed 43392K, reserved 1087488K
  class space    used 5589K, capacity 5895K, committed 6016K, reserved 1048576K
}
Event: 981.712 GC heap before
{Heap before GC invocations=8 (full 2):
 PSYoungGen      total 418816K, used 405722K [0x0000000718100000, 0x0000000740c00000, 0x00000007c0000000)
  eden space 397312K, 100% used [0x0000000718100000,0x0000000730500000,0x0000000730500000)
  from space 21504K, 39% used [0x0000000730500000,0x0000000730d36bc8,0x0000000731a00000)
  to   space 14336K, 0% used [0x000000073fe00000,0x000000073fe00000,0x0000000740c00000)
 ParOldGen       total 236032K, used 11707K [0x00000005c8200000, 0x00000005d6880000, 0x0000000718100000)
  object space 236032K, 4% used [0x00000005c8200000,0x00000005c8d6ee10,0x00000005d6880000)
 Metaspace       used 44314K, capacity 45934K, committed 46080K, reserved 1089536K
  class space    used 5982K, capacity 6356K, committed 6400K, reserved 1048576K
Event: 981.749 GC heap after
Heap after GC invocations=8 (full 2):
 PSYoungGen      total 629760K, used 14312K [0x0000000718100000, 0x0000000740c00000, 0x00000007c0000000)
  eden space 615424K, 0% used [0x0000000718100000,0x0000000718100000,0x000000073da00000)
  from space 14336K, 99% used [0x000000073fe00000,0x0000000740bfa030,0x0000000740c00000)
  to   space 18432K, 0% used [0x000000073e800000,0x000000073e800000,0x000000073fa00000)
 ParOldGen       total 236032K, used 15439K [0x00000005c8200000, 0x00000005d6880000, 0x0000000718100000)
  object space 236032K, 6% used [0x00000005c8200000,0x00000005c9113cf0,0x00000005d6880000)
 Metaspace       used 44314K, capacity 45934K, committed 46080K, reserved 1089536K
  class space    used 5982K, capacity 6356K, committed 6400K, reserved 1048576K
}
Event: 1160.149 GC heap before
{Heap before GC invocations=9 (full 2):
 PSYoungGen      total 629760K, used 629736K [0x0000000718100000, 0x0000000740c00000, 0x00000007c0000000)
  eden space 615424K, 100% used [0x0000000718100000,0x000000073da00000,0x000000073da00000)
  from space 14336K, 99% used [0x000000073fe00000,0x0000000740bfa030,0x0000000740c00000)
  to   space 18432K, 0% used [0x000000073e800000,0x000000073e800000,0x000000073fa00000)
 ParOldGen       total 236032K, used 15439K [0x00000005c8200000, 0x00000005d6880000, 0x0000000718100000)
  object space 236032K, 6% used [0x00000005c8200000,0x00000005c9113cf0,0x00000005d6880000)
 Metaspace       used 44775K, capacity 46458K, committed 46720K, reserved 1089536K
  class space    used 6074K, capacity 6432K, committed 6528K, reserved 1048576K

